{"/Users/jorge.ortega/github/webrtc-video-calls/src/App.tsx": {"path":"/Users/jorge.ortega/github/webrtc-video-calls/src/App.tsx","statementMap":{"0":{"start":{"line":18,"column":30},"end":{"line":27,"column":null}},"1":{"start":{"line":19,"column":10},"end":{"line":19,"column":null}},"2":{"start":{"line":20,"column":4},"end":{"line":26,"column":null}},"3":{"start":{"line":29,"column":15},"end":{"line":29,"column":null}},"4":{"start":{"line":29,"column":28},"end":{"line":29,"column":50}},"5":{"start":{"line":32,"column":36},"end":{"line":32,"column":null}},"6":{"start":{"line":35,"column":8},"end":{"line":43,"column":null}},"7":{"start":{"line":36,"column":4},"end":{"line":42,"column":null}},"8":{"start":{"line":37,"column":25},"end":{"line":37,"column":null}},"9":{"start":{"line":38,"column":6},"end":{"line":41,"column":null}},"10":{"start":{"line":39,"column":8},"end":{"line":39,"column":null}},"11":{"start":{"line":40,"column":8},"end":{"line":40,"column":null}},"12":{"start":{"line":40,"column":29},"end":{"line":40,"column":77}},"13":{"start":{"line":46,"column":8},"end":{"line":54,"column":null}},"14":{"start":{"line":47,"column":4},"end":{"line":53,"column":null}},"15":{"start":{"line":48,"column":25},"end":{"line":48,"column":null}},"16":{"start":{"line":49,"column":6},"end":{"line":52,"column":null}},"17":{"start":{"line":50,"column":8},"end":{"line":50,"column":null}},"18":{"start":{"line":51,"column":8},"end":{"line":51,"column":null}},"19":{"start":{"line":51,"column":29},"end":{"line":51,"column":77}},"20":{"start":{"line":57,"column":8},"end":{"line":62,"column":null}},"21":{"start":{"line":58,"column":4},"end":{"line":61,"column":null}},"22":{"start":{"line":59,"column":6},"end":{"line":59,"column":null}},"23":{"start":{"line":59,"column":47},"end":{"line":59,"column":59}},"24":{"start":{"line":60,"column":6},"end":{"line":60,"column":null}},"25":{"start":{"line":65,"column":2},"end":{"line":90,"column":null}},"26":{"start":{"line":66,"column":29},"end":{"line":86,"column":null}},"27":{"start":{"line":67,"column":12},"end":{"line":67,"column":null}},"28":{"start":{"line":68,"column":6},"end":{"line":85,"column":null}},"29":{"start":{"line":69,"column":8},"end":{"line":75,"column":null}},"30":{"start":{"line":76,"column":6},"end":{"line":85,"column":null}},"31":{"start":{"line":78,"column":8},"end":{"line":84,"column":null}},"32":{"start":{"line":79,"column":10},"end":{"line":83,"column":null}},"33":{"start":{"line":79,"column":33},"end":{"line":83,"column":12}},"34":{"start":{"line":88,"column":4},"end":{"line":88,"column":null}},"35":{"start":{"line":89,"column":4},"end":{"line":89,"column":null}},"36":{"start":{"line":89,"column":17},"end":{"line":89,"column":null}},"37":{"start":{"line":92,"column":8},"end":{"line":101,"column":null}},"38":{"start":{"line":93,"column":4},"end":{"line":93,"column":null}},"39":{"start":{"line":94,"column":4},"end":{"line":100,"column":null}},"40":{"start":{"line":94,"column":27},"end":{"line":100,"column":6}},"41":{"start":{"line":103,"column":8},"end":{"line":114,"column":null}},"42":{"start":{"line":104,"column":4},"end":{"line":104,"column":null}},"43":{"start":{"line":105,"column":4},"end":{"line":105,"column":null}},"44":{"start":{"line":106,"column":4},"end":{"line":106,"column":null}},"45":{"start":{"line":107,"column":4},"end":{"line":113,"column":null}},"46":{"start":{"line":117,"column":2},"end":{"line":119,"column":null}},"47":{"start":{"line":118,"column":4},"end":{"line":118,"column":null}},"48":{"start":{"line":121,"column":2},"end":{"line":128,"column":null}},"49":{"start":{"line":122,"column":4},"end":{"line":126,"column":null}},"50":{"start":{"line":130,"column":2},"end":{"line":144,"column":null}},"51":{"start":{"line":131,"column":4},"end":{"line":142,"column":null}},"52":{"start":{"line":147,"column":2},"end":{"line":147,"column":null}}},"fnMap":{"0":{"name":"App","decl":{"start":{"line":17,"column":24},"end":{"line":17,"column":30}},"loc":{"start":{"line":17,"column":30},"end":{"line":148,"column":null}},"line":17},"1":{"name":"(anonymous_1)","decl":{"start":{"line":18,"column":53},"end":{"line":18,"column":59}},"loc":{"start":{"line":18,"column":59},"end":{"line":27,"column":3}},"line":18},"2":{"name":"(anonymous_2)","decl":{"start":{"line":29,"column":28},"end":{"line":29,"column":34}},"loc":{"start":{"line":29,"column":28},"end":{"line":29,"column":50}},"line":29},"3":{"name":"(anonymous_3)","decl":{"start":{"line":35,"column":34},"end":{"line":35,"column":40}},"loc":{"start":{"line":35,"column":40},"end":{"line":43,"column":5}},"line":35},"4":{"name":"(anonymous_4)","decl":{"start":{"line":40,"column":20},"end":{"line":40,"column":29}},"loc":{"start":{"line":40,"column":29},"end":{"line":40,"column":77}},"line":40},"5":{"name":"(anonymous_5)","decl":{"start":{"line":46,"column":34},"end":{"line":46,"column":40}},"loc":{"start":{"line":46,"column":40},"end":{"line":54,"column":5}},"line":46},"6":{"name":"(anonymous_6)","decl":{"start":{"line":51,"column":20},"end":{"line":51,"column":29}},"loc":{"start":{"line":51,"column":29},"end":{"line":51,"column":77}},"line":51},"7":{"name":"(anonymous_7)","decl":{"start":{"line":57,"column":32},"end":{"line":57,"column":38}},"loc":{"start":{"line":57,"column":38},"end":{"line":62,"column":5}},"line":57},"8":{"name":"(anonymous_8)","decl":{"start":{"line":59,"column":38},"end":{"line":59,"column":47}},"loc":{"start":{"line":59,"column":47},"end":{"line":59,"column":59}},"line":59},"9":{"name":"(anonymous_9)","decl":{"start":{"line":65,"column":12},"end":{"line":65,"column":18}},"loc":{"start":{"line":65,"column":18},"end":{"line":90,"column":5}},"line":65},"10":{"name":"(anonymous_10)","decl":{"start":{"line":66,"column":29},"end":{"line":66,"column":35}},"loc":{"start":{"line":66,"column":35},"end":{"line":86,"column":null}},"line":66},"11":{"name":"(anonymous_11)","decl":{"start":{"line":79,"column":22},"end":{"line":79,"column":23}},"loc":{"start":{"line":79,"column":33},"end":{"line":83,"column":12}},"line":79},"12":{"name":"(anonymous_12)","decl":{"start":{"line":89,"column":11},"end":{"line":89,"column":17}},"loc":{"start":{"line":89,"column":17},"end":{"line":89,"column":null}},"line":89},"13":{"name":"(anonymous_13)","decl":{"start":{"line":92,"column":42},"end":{"line":92,"column":43}},"loc":{"start":{"line":92,"column":135},"end":{"line":101,"column":5}},"line":92},"14":{"name":"(anonymous_14)","decl":{"start":{"line":94,"column":16},"end":{"line":94,"column":17}},"loc":{"start":{"line":94,"column":27},"end":{"line":100,"column":6}},"line":94},"15":{"name":"(anonymous_15)","decl":{"start":{"line":103,"column":38},"end":{"line":103,"column":44}},"loc":{"start":{"line":103,"column":44},"end":{"line":114,"column":5}},"line":103}},"branchMap":{"0":{"loc":{"start":{"line":21,"column":12},"end":{"line":21,"column":null}},"type":"cond-expr","locations":[{"start":{"line":21,"column":39},"end":{"line":21,"column":49}},{"start":{"line":21,"column":49},"end":{"line":21,"column":null}}],"line":21},"1":{"loc":{"start":{"line":22,"column":17},"end":{"line":22,"column":null}},"type":"binary-expr","locations":[{"start":{"line":22,"column":17},"end":{"line":22,"column":36}},{"start":{"line":22,"column":36},"end":{"line":22,"column":null}}],"line":22},"2":{"loc":{"start":{"line":36,"column":4},"end":{"line":42,"column":null}},"type":"if","locations":[{"start":{"line":36,"column":4},"end":{"line":42,"column":null}},{"start":{},"end":{}}],"line":36},"3":{"loc":{"start":{"line":38,"column":6},"end":{"line":41,"column":null}},"type":"if","locations":[{"start":{"line":38,"column":6},"end":{"line":41,"column":null}},{"start":{},"end":{}}],"line":38},"4":{"loc":{"start":{"line":47,"column":4},"end":{"line":53,"column":null}},"type":"if","locations":[{"start":{"line":47,"column":4},"end":{"line":53,"column":null}},{"start":{},"end":{}}],"line":47},"5":{"loc":{"start":{"line":49,"column":6},"end":{"line":52,"column":null}},"type":"if","locations":[{"start":{"line":49,"column":6},"end":{"line":52,"column":null}},{"start":{},"end":{}}],"line":49},"6":{"loc":{"start":{"line":58,"column":4},"end":{"line":61,"column":null}},"type":"if","locations":[{"start":{"line":58,"column":4},"end":{"line":61,"column":null}},{"start":{},"end":{}}],"line":58},"7":{"loc":{"start":{"line":68,"column":6},"end":{"line":85,"column":null}},"type":"if","locations":[{"start":{"line":68,"column":6},"end":{"line":85,"column":null}},{"start":{"line":76,"column":6},"end":{"line":85,"column":null}}],"line":68},"8":{"loc":{"start":{"line":76,"column":6},"end":{"line":85,"column":null}},"type":"if","locations":[{"start":{"line":76,"column":6},"end":{"line":85,"column":null}},{"start":{},"end":{}}],"line":76},"9":{"loc":{"start":{"line":76,"column":17},"end":{"line":76,"column":62}},"type":"binary-expr","locations":[{"start":{"line":76,"column":17},"end":{"line":76,"column":45}},{"start":{"line":76,"column":45},"end":{"line":76,"column":62}}],"line":76},"10":{"loc":{"start":{"line":78,"column":8},"end":{"line":84,"column":null}},"type":"if","locations":[{"start":{"line":78,"column":8},"end":{"line":84,"column":null}},{"start":{},"end":{}}],"line":78},"11":{"loc":{"start":{"line":78,"column":12},"end":{"line":78,"column":80}},"type":"binary-expr","locations":[{"start":{"line":78,"column":12},"end":{"line":78,"column":40}},{"start":{"line":78,"column":40},"end":{"line":78,"column":80}}],"line":78},"12":{"loc":{"start":{"line":117,"column":2},"end":{"line":119,"column":null}},"type":"if","locations":[{"start":{"line":117,"column":2},"end":{"line":119,"column":null}},{"start":{},"end":{}}],"line":117},"13":{"loc":{"start":{"line":121,"column":2},"end":{"line":128,"column":null}},"type":"if","locations":[{"start":{"line":121,"column":2},"end":{"line":128,"column":null}},{"start":{},"end":{}}],"line":121},"14":{"loc":{"start":{"line":121,"column":6},"end":{"line":121,"column":55}},"type":"binary-expr","locations":[{"start":{"line":121,"column":6},"end":{"line":121,"column":35}},{"start":{"line":121,"column":35},"end":{"line":121,"column":55}}],"line":121},"15":{"loc":{"start":{"line":130,"column":2},"end":{"line":144,"column":null}},"type":"if","locations":[{"start":{"line":130,"column":2},"end":{"line":144,"column":null}},{"start":{},"end":{}}],"line":130},"16":{"loc":{"start":{"line":130,"column":6},"end":{"line":130,"column":90}},"type":"binary-expr","locations":[{"start":{"line":130,"column":6},"end":{"line":130,"column":34}},{"start":{"line":130,"column":34},"end":{"line":130,"column":56}},{"start":{"line":130,"column":56},"end":{"line":130,"column":77}},{"start":{"line":130,"column":77},"end":{"line":130,"column":90}}],"line":130}},"s":{"0":12,"1":5,"2":5,"3":12,"4":5,"5":12,"6":12,"7":1,"8":1,"9":1,"10":1,"11":1,"12":1,"13":12,"14":1,"15":1,"16":1,"17":1,"18":1,"19":1,"20":12,"21":2,"22":2,"23":3,"24":2,"25":12,"26":10,"27":1,"28":1,"29":0,"30":1,"31":1,"32":1,"33":1,"34":10,"35":10,"36":10,"37":12,"38":2,"39":2,"40":2,"41":12,"42":2,"43":2,"44":2,"45":2,"46":12,"47":4,"48":8,"49":4,"50":4,"51":4,"52":0},"f":{"0":12,"1":5,"2":5,"3":1,"4":1,"5":1,"6":1,"7":2,"8":3,"9":10,"10":1,"11":1,"12":10,"13":2,"14":2,"15":2},"b":{"0":[3,2],"1":[5,2],"2":[1,0],"3":[1,0],"4":[1,0],"5":[1,0],"6":[2,0],"7":[0,1],"8":[1,0],"9":[1,1],"10":[1,0],"11":[1,0],"12":[4,8],"13":[4,4],"14":[8,4],"15":[4,0],"16":[4,4,4,4]},"meta":{"lastBranch":17,"lastFunction":16,"lastStatement":53,"seen":{"f:17:24:17:30":0,"s:18:30:27:Infinity":0,"f:18:53:18:59":1,"s:19:10:19:Infinity":1,"s:20:4:26:Infinity":2,"b:21:39:21:49:21:49:21:Infinity":0,"b:22:17:22:36:22:36:22:Infinity":1,"s:29:15:29:Infinity":3,"f:29:28:29:34":2,"s:29:28:29:50":4,"s:32:36:32:Infinity":5,"s:35:8:43:Infinity":6,"f:35:34:35:40":3,"b:36:4:42:Infinity:undefined:undefined:undefined:undefined":2,"s:36:4:42:Infinity":7,"s:37:25:37:Infinity":8,"b:38:6:41:Infinity:undefined:undefined:undefined:undefined":3,"s:38:6:41:Infinity":9,"s:39:8:39:Infinity":10,"s:40:8:40:Infinity":11,"f:40:20:40:29":4,"s:40:29:40:77":12,"s:46:8:54:Infinity":13,"f:46:34:46:40":5,"b:47:4:53:Infinity:undefined:undefined:undefined:undefined":4,"s:47:4:53:Infinity":14,"s:48:25:48:Infinity":15,"b:49:6:52:Infinity:undefined:undefined:undefined:undefined":5,"s:49:6:52:Infinity":16,"s:50:8:50:Infinity":17,"s:51:8:51:Infinity":18,"f:51:20:51:29":6,"s:51:29:51:77":19,"s:57:8:62:Infinity":20,"f:57:32:57:38":7,"b:58:4:61:Infinity:undefined:undefined:undefined:undefined":6,"s:58:4:61:Infinity":21,"s:59:6:59:Infinity":22,"f:59:38:59:47":8,"s:59:47:59:59":23,"s:60:6:60:Infinity":24,"s:65:2:90:Infinity":25,"f:65:12:65:18":9,"s:66:29:86:Infinity":26,"f:66:29:66:35":10,"s:67:12:67:Infinity":27,"b:68:6:85:Infinity:76:6:85:Infinity":7,"s:68:6:85:Infinity":28,"s:69:8:75:Infinity":29,"b:76:6:85:Infinity:undefined:undefined:undefined:undefined":8,"s:76:6:85:Infinity":30,"b:76:17:76:45:76:45:76:62":9,"b:78:8:84:Infinity:undefined:undefined:undefined:undefined":10,"s:78:8:84:Infinity":31,"b:78:12:78:40:78:40:78:80":11,"s:79:10:83:Infinity":32,"f:79:22:79:23":11,"s:79:33:83:12":33,"s:88:4:88:Infinity":34,"s:89:4:89:Infinity":35,"f:89:11:89:17":12,"s:89:17:89:Infinity":36,"s:92:8:101:Infinity":37,"f:92:42:92:43":13,"s:93:4:93:Infinity":38,"s:94:4:100:Infinity":39,"f:94:16:94:17":14,"s:94:27:100:6":40,"s:103:8:114:Infinity":41,"f:103:38:103:44":15,"s:104:4:104:Infinity":42,"s:105:4:105:Infinity":43,"s:106:4:106:Infinity":44,"s:107:4:113:Infinity":45,"b:117:2:119:Infinity:undefined:undefined:undefined:undefined":12,"s:117:2:119:Infinity":46,"s:118:4:118:Infinity":47,"b:121:2:128:Infinity:undefined:undefined:undefined:undefined":13,"s:121:2:128:Infinity":48,"b:121:6:121:35:121:35:121:55":14,"s:122:4:126:Infinity":49,"b:130:2:144:Infinity:undefined:undefined:undefined:undefined":15,"s:130:2:144:Infinity":50,"b:130:6:130:34:130:34:130:56:130:56:130:77:130:77:130:90":16,"s:131:4:142:Infinity":51,"s:147:2:147:Infinity":52}}}
,"/Users/jorge.ortega/github/webrtc-video-calls/src/components/CallScreen.tsx": {"path":"/Users/jorge.ortega/github/webrtc-video-calls/src/components/CallScreen.tsx","statementMap":{"0":{"start":{"line":34,"column":34},"end":{"line":34,"column":null}},"1":{"start":{"line":35,"column":8},"end":{"line":35,"column":null}},"2":{"start":{"line":37,"column":56},"end":{"line":37,"column":null}},"3":{"start":{"line":39,"column":8},"end":{"line":41,"column":null}},"4":{"start":{"line":40,"column":4},"end":{"line":40,"column":null}},"5":{"start":{"line":43,"column":8},"end":{"line":101,"column":null}},"6":{"start":{"line":44,"column":19},"end":{"line":44,"column":null}},"7":{"start":{"line":45,"column":4},"end":{"line":45,"column":null}},"8":{"start":{"line":45,"column":17},"end":{"line":45,"column":null}},"9":{"start":{"line":47,"column":4},"end":{"line":100,"column":null}},"10":{"start":{"line":49,"column":8},"end":{"line":51,"column":null}},"11":{"start":{"line":50,"column":10},"end":{"line":50,"column":null}},"12":{"start":{"line":52,"column":8},"end":{"line":52,"column":null}},"13":{"start":{"line":55,"column":8},"end":{"line":57,"column":null}},"14":{"start":{"line":56,"column":10},"end":{"line":56,"column":null}},"15":{"start":{"line":58,"column":8},"end":{"line":58,"column":null}},"16":{"start":{"line":61,"column":8},"end":{"line":63,"column":null}},"17":{"start":{"line":62,"column":10},"end":{"line":62,"column":null}},"18":{"start":{"line":64,"column":8},"end":{"line":64,"column":null}},"19":{"start":{"line":67,"column":8},"end":{"line":70,"column":null}},"20":{"start":{"line":68,"column":31},"end":{"line":68,"column":null}},"21":{"start":{"line":69,"column":10},"end":{"line":69,"column":null}},"22":{"start":{"line":71,"column":8},"end":{"line":71,"column":null}},"23":{"start":{"line":74,"column":8},"end":{"line":76,"column":null}},"24":{"start":{"line":75,"column":10},"end":{"line":75,"column":null}},"25":{"start":{"line":77,"column":8},"end":{"line":77,"column":null}},"26":{"start":{"line":80,"column":8},"end":{"line":82,"column":null}},"27":{"start":{"line":81,"column":10},"end":{"line":81,"column":null}},"28":{"start":{"line":83,"column":8},"end":{"line":83,"column":null}},"29":{"start":{"line":86,"column":8},"end":{"line":88,"column":null}},"30":{"start":{"line":87,"column":10},"end":{"line":87,"column":null}},"31":{"start":{"line":89,"column":8},"end":{"line":89,"column":null}},"32":{"start":{"line":93,"column":8},"end":{"line":93,"column":null}},"33":{"start":{"line":96,"column":8},"end":{"line":98,"column":null}},"34":{"start":{"line":97,"column":10},"end":{"line":97,"column":null}},"35":{"start":{"line":99,"column":8},"end":{"line":99,"column":null}},"36":{"start":{"line":107,"column":2},"end":{"line":111,"column":null}},"37":{"start":{"line":109,"column":23},"end":{"line":109,"column":null}},"38":{"start":{"line":110,"column":26},"end":{"line":110,"column":null}},"39":{"start":{"line":118,"column":2},"end":{"line":118,"column":null}},"40":{"start":{"line":120,"column":8},"end":{"line":127,"column":null}},"41":{"start":{"line":129,"column":34},"end":{"line":129,"column":null}},"42":{"start":{"line":132,"column":2},"end":{"line":134,"column":null}},"43":{"start":{"line":133,"column":4},"end":{"line":133,"column":null}},"44":{"start":{"line":137,"column":2},"end":{"line":155,"column":null}},"45":{"start":{"line":138,"column":4},"end":{"line":138,"column":null}},"46":{"start":{"line":141,"column":18},"end":{"line":148,"column":null}},"47":{"start":{"line":142,"column":6},"end":{"line":147,"column":null}},"48":{"start":{"line":150,"column":4},"end":{"line":154,"column":null}},"49":{"start":{"line":151,"column":6},"end":{"line":151,"column":null}},"50":{"start":{"line":152,"column":6},"end":{"line":152,"column":null}},"51":{"start":{"line":153,"column":6},"end":{"line":153,"column":null}},"52":{"start":{"line":157,"column":34},"end":{"line":172,"column":null}},"53":{"start":{"line":158,"column":4},"end":{"line":171,"column":null}},"54":{"start":{"line":159,"column":6},"end":{"line":159,"column":null}},"55":{"start":{"line":160,"column":6},"end":{"line":160,"column":null}},"56":{"start":{"line":161,"column":6},"end":{"line":161,"column":null}},"57":{"start":{"line":163,"column":6},"end":{"line":170,"column":null}},"58":{"start":{"line":164,"column":23},"end":{"line":164,"column":null}},"59":{"start":{"line":165,"column":8},"end":{"line":165,"column":null}},"60":{"start":{"line":166,"column":8},"end":{"line":166,"column":null}},"61":{"start":{"line":169,"column":8},"end":{"line":169,"column":null}},"62":{"start":{"line":174,"column":27},"end":{"line":179,"column":null}},"63":{"start":{"line":175,"column":4},"end":{"line":175,"column":null}},"64":{"start":{"line":175,"column":28},"end":{"line":175,"column":33}},"65":{"start":{"line":176,"column":4},"end":{"line":178,"column":null}},"66":{"start":{"line":177,"column":6},"end":{"line":177,"column":null}},"67":{"start":{"line":181,"column":28},"end":{"line":183,"column":null}},"68":{"start":{"line":182,"column":4},"end":{"line":182,"column":null}},"69":{"start":{"line":185,"column":27},"end":{"line":185,"column":null}},"70":{"start":{"line":187,"column":2},"end":{"line":242,"column":null}},"71":{"start":{"line":222,"column":29},"end":{"line":222,"column":null}}},"fnMap":{"0":{"name":"CallScreen","decl":{"start":{"line":23,"column":16},"end":{"line":23,"column":27}},"loc":{"start":{"line":33,"column":20},"end":{"line":244,"column":null}},"line":33},"1":{"name":"(anonymous_1)","decl":{"start":{"line":39,"column":40},"end":{"line":39,"column":41}},"loc":{"start":{"line":39,"column":66},"end":{"line":41,"column":5}},"line":39},"2":{"name":"(anonymous_2)","decl":{"start":{"line":43,"column":45},"end":{"line":43,"column":46}},"loc":{"start":{"line":43,"column":76},"end":{"line":101,"column":5}},"line":43},"3":{"name":"(anonymous_3)","decl":{"start":{"line":49,"column":31},"end":{"line":49,"column":32}},"loc":{"start":{"line":49,"column":41},"end":{"line":51,"column":9}},"line":49},"4":{"name":"(anonymous_4)","decl":{"start":{"line":109,"column":17},"end":{"line":109,"column":23}},"loc":{"start":{"line":109,"column":23},"end":{"line":109,"column":null}},"line":109},"5":{"name":"(anonymous_5)","decl":{"start":{"line":110,"column":20},"end":{"line":110,"column":26}},"loc":{"start":{"line":110,"column":26},"end":{"line":110,"column":null}},"line":110},"6":{"name":"(anonymous_6)","decl":{"start":{"line":132,"column":12},"end":{"line":132,"column":18}},"loc":{"start":{"line":132,"column":18},"end":{"line":134,"column":5}},"line":132},"7":{"name":"(anonymous_7)","decl":{"start":{"line":137,"column":12},"end":{"line":137,"column":18}},"loc":{"start":{"line":137,"column":18},"end":{"line":155,"column":5}},"line":137},"8":{"name":"(anonymous_8)","decl":{"start":{"line":141,"column":29},"end":{"line":141,"column":35}},"loc":{"start":{"line":141,"column":35},"end":{"line":148,"column":7}},"line":141},"9":{"name":"(anonymous_9)","decl":{"start":{"line":150,"column":11},"end":{"line":150,"column":17}},"loc":{"start":{"line":150,"column":17},"end":{"line":154,"column":null}},"line":150},"10":{"name":"(anonymous_10)","decl":{"start":{"line":157,"column":34},"end":{"line":157,"column":46}},"loc":{"start":{"line":157,"column":46},"end":{"line":172,"column":null}},"line":157},"11":{"name":"(anonymous_11)","decl":{"start":{"line":174,"column":27},"end":{"line":174,"column":33}},"loc":{"start":{"line":174,"column":33},"end":{"line":179,"column":null}},"line":174},"12":{"name":"(anonymous_12)","decl":{"start":{"line":175,"column":18},"end":{"line":175,"column":19}},"loc":{"start":{"line":175,"column":28},"end":{"line":175,"column":33}},"line":175},"13":{"name":"(anonymous_13)","decl":{"start":{"line":181,"column":28},"end":{"line":181,"column":29}},"loc":{"start":{"line":181,"column":46},"end":{"line":183,"column":null}},"line":181},"14":{"name":"(anonymous_14)","decl":{"start":{"line":222,"column":23},"end":{"line":222,"column":29}},"loc":{"start":{"line":222,"column":29},"end":{"line":222,"column":null}},"line":222}},"branchMap":{"0":{"loc":{"start":{"line":45,"column":4},"end":{"line":45,"column":null}},"type":"if","locations":[{"start":{"line":45,"column":4},"end":{"line":45,"column":null}},{"start":{},"end":{}}],"line":45},"1":{"loc":{"start":{"line":47,"column":4},"end":{"line":100,"column":null}},"type":"switch","locations":[{"start":{"line":48,"column":6},"end":{"line":52,"column":null}},{"start":{"line":54,"column":6},"end":{"line":58,"column":null}},{"start":{"line":60,"column":6},"end":{"line":64,"column":null}},{"start":{"line":66,"column":6},"end":{"line":71,"column":null}},{"start":{"line":73,"column":6},"end":{"line":77,"column":null}},{"start":{"line":79,"column":6},"end":{"line":83,"column":null}},{"start":{"line":85,"column":6},"end":{"line":89,"column":null}},{"start":{"line":91,"column":6},"end":{"line":93,"column":null}},{"start":{"line":95,"column":6},"end":{"line":99,"column":null}}],"line":47},"2":{"loc":{"start":{"line":55,"column":8},"end":{"line":57,"column":null}},"type":"if","locations":[{"start":{"line":55,"column":8},"end":{"line":57,"column":null}},{"start":{},"end":{}}],"line":55},"3":{"loc":{"start":{"line":55,"column":12},"end":{"line":55,"column":48}},"type":"binary-expr","locations":[{"start":{"line":55,"column":12},"end":{"line":55,"column":30}},{"start":{"line":55,"column":30},"end":{"line":55,"column":48}}],"line":55},"4":{"loc":{"start":{"line":61,"column":8},"end":{"line":63,"column":null}},"type":"if","locations":[{"start":{"line":61,"column":8},"end":{"line":63,"column":null}},{"start":{},"end":{}}],"line":61},"5":{"loc":{"start":{"line":67,"column":8},"end":{"line":70,"column":null}},"type":"if","locations":[{"start":{"line":67,"column":8},"end":{"line":70,"column":null}},{"start":{},"end":{}}],"line":67},"6":{"loc":{"start":{"line":67,"column":12},"end":{"line":67,"column":41}},"type":"binary-expr","locations":[{"start":{"line":67,"column":12},"end":{"line":67,"column":28}},{"start":{"line":67,"column":28},"end":{"line":67,"column":41}}],"line":67},"7":{"loc":{"start":{"line":68,"column":31},"end":{"line":68,"column":null}},"type":"binary-expr","locations":[{"start":{"line":68,"column":31},"end":{"line":68,"column":51}},{"start":{"line":68,"column":51},"end":{"line":68,"column":null}}],"line":68},"8":{"loc":{"start":{"line":74,"column":8},"end":{"line":76,"column":null}},"type":"if","locations":[{"start":{"line":74,"column":8},"end":{"line":76,"column":null}},{"start":{},"end":{}}],"line":74},"9":{"loc":{"start":{"line":74,"column":12},"end":{"line":74,"column":41}},"type":"binary-expr","locations":[{"start":{"line":74,"column":12},"end":{"line":74,"column":28}},{"start":{"line":74,"column":28},"end":{"line":74,"column":41}}],"line":74},"10":{"loc":{"start":{"line":80,"column":8},"end":{"line":82,"column":null}},"type":"if","locations":[{"start":{"line":80,"column":8},"end":{"line":82,"column":null}},{"start":{},"end":{}}],"line":80},"11":{"loc":{"start":{"line":80,"column":12},"end":{"line":80,"column":47}},"type":"binary-expr","locations":[{"start":{"line":80,"column":12},"end":{"line":80,"column":28}},{"start":{"line":80,"column":28},"end":{"line":80,"column":47}}],"line":80},"12":{"loc":{"start":{"line":86,"column":8},"end":{"line":88,"column":null}},"type":"if","locations":[{"start":{"line":86,"column":8},"end":{"line":88,"column":null}},{"start":{},"end":{}}],"line":86},"13":{"loc":{"start":{"line":86,"column":12},"end":{"line":86,"column":48}},"type":"binary-expr","locations":[{"start":{"line":86,"column":12},"end":{"line":86,"column":30}},{"start":{"line":86,"column":30},"end":{"line":86,"column":48}}],"line":86},"14":{"loc":{"start":{"line":96,"column":8},"end":{"line":98,"column":null}},"type":"if","locations":[{"start":{"line":96,"column":8},"end":{"line":98,"column":null}},{"start":{},"end":{}}],"line":96},"15":{"loc":{"start":{"line":158,"column":4},"end":{"line":171,"column":null}},"type":"if","locations":[{"start":{"line":158,"column":4},"end":{"line":171,"column":null}},{"start":{"line":162,"column":11},"end":{"line":171,"column":null}}],"line":158},"16":{"loc":{"start":{"line":176,"column":4},"end":{"line":178,"column":null}},"type":"if","locations":[{"start":{"line":176,"column":4},"end":{"line":178,"column":null}},{"start":{},"end":{}}],"line":176},"17":{"loc":{"start":{"line":196,"column":43},"end":{"line":196,"column":null}},"type":"cond-expr","locations":[{"start":{"line":196,"column":68},"end":{"line":196,"column":74}},{"start":{"line":196,"column":74},"end":{"line":196,"column":null}}],"line":196},"18":{"loc":{"start":{"line":204,"column":48},"end":{"line":204,"column":86}},"type":"cond-expr","locations":[{"start":{"line":204,"column":61},"end":{"line":204,"column":80}},{"start":{"line":204,"column":80},"end":{"line":204,"column":86}}],"line":204},"19":{"loc":{"start":{"line":216,"column":9},"end":{"line":224,"column":null}},"type":"binary-expr","locations":[{"start":{"line":216,"column":9},"end":{"line":216,"column":null}},{"start":{"line":217,"column":10},"end":{"line":224,"column":null}}],"line":216}},"s":{"0":9,"1":9,"2":9,"3":9,"4":0,"5":9,"6":8,"7":8,"8":0,"9":8,"10":1,"11":1,"12":1,"13":1,"14":1,"15":1,"16":1,"17":1,"18":1,"19":1,"20":1,"21":1,"22":1,"23":1,"24":1,"25":1,"26":1,"27":1,"28":1,"29":1,"30":1,"31":1,"32":0,"33":1,"34":1,"35":1,"36":9,"37":0,"38":0,"39":9,"40":9,"41":9,"42":9,"43":9,"44":9,"45":8,"46":8,"47":1,"48":8,"49":8,"50":8,"51":8,"52":9,"53":5,"54":1,"55":1,"56":1,"57":4,"58":4,"59":3,"60":3,"61":1,"62":9,"63":1,"64":1,"65":1,"66":1,"67":9,"68":0,"69":9,"70":9,"71":0},"f":{"0":9,"1":0,"2":8,"3":1,"4":0,"5":0,"6":9,"7":8,"8":1,"9":8,"10":5,"11":1,"12":1,"13":0,"14":0},"b":{"0":[0,8],"1":[1,1,1,1,1,1,1,0,1],"2":[1,0],"3":[1,1],"4":[1,0],"5":[1,0],"6":[1,1],"7":[1,0],"8":[1,0],"9":[1,1],"10":[1,0],"11":[1,1],"12":[1,0],"13":[1,1],"14":[1,0],"15":[1,4],"16":[1,0],"17":[1,8],"18":[1,8],"19":[9,1]},"meta":{"lastBranch":20,"lastFunction":15,"lastStatement":72,"seen":{"f:23:16:23:27":0,"s:34:34:34:Infinity":0,"s:35:8:35:Infinity":1,"s:37:56:37:Infinity":2,"s:39:8:41:Infinity":3,"f:39:40:39:41":1,"s:40:4:40:Infinity":4,"s:43:8:101:Infinity":5,"f:43:45:43:46":2,"s:44:19:44:Infinity":6,"b:45:4:45:Infinity:undefined:undefined:undefined:undefined":0,"s:45:4:45:Infinity":7,"s:45:17:45:Infinity":8,"b:48:6:52:Infinity:54:6:58:Infinity:60:6:64:Infinity:66:6:71:Infinity:73:6:77:Infinity:79:6:83:Infinity:85:6:89:Infinity:91:6:93:Infinity:95:6:99:Infinity":1,"s:47:4:100:Infinity":9,"s:49:8:51:Infinity":10,"f:49:31:49:32":3,"s:50:10:50:Infinity":11,"s:52:8:52:Infinity":12,"b:55:8:57:Infinity:undefined:undefined:undefined:undefined":2,"s:55:8:57:Infinity":13,"b:55:12:55:30:55:30:55:48":3,"s:56:10:56:Infinity":14,"s:58:8:58:Infinity":15,"b:61:8:63:Infinity:undefined:undefined:undefined:undefined":4,"s:61:8:63:Infinity":16,"s:62:10:62:Infinity":17,"s:64:8:64:Infinity":18,"b:67:8:70:Infinity:undefined:undefined:undefined:undefined":5,"s:67:8:70:Infinity":19,"b:67:12:67:28:67:28:67:41":6,"s:68:31:68:Infinity":20,"b:68:31:68:51:68:51:68:Infinity":7,"s:69:10:69:Infinity":21,"s:71:8:71:Infinity":22,"b:74:8:76:Infinity:undefined:undefined:undefined:undefined":8,"s:74:8:76:Infinity":23,"b:74:12:74:28:74:28:74:41":9,"s:75:10:75:Infinity":24,"s:77:8:77:Infinity":25,"b:80:8:82:Infinity:undefined:undefined:undefined:undefined":10,"s:80:8:82:Infinity":26,"b:80:12:80:28:80:28:80:47":11,"s:81:10:81:Infinity":27,"s:83:8:83:Infinity":28,"b:86:8:88:Infinity:undefined:undefined:undefined:undefined":12,"s:86:8:88:Infinity":29,"b:86:12:86:30:86:30:86:48":13,"s:87:10:87:Infinity":30,"s:89:8:89:Infinity":31,"s:93:8:93:Infinity":32,"b:96:8:98:Infinity:undefined:undefined:undefined:undefined":14,"s:96:8:98:Infinity":33,"s:97:10:97:Infinity":34,"s:99:8:99:Infinity":35,"s:107:2:111:Infinity":36,"f:109:17:109:23":4,"s:109:23:109:Infinity":37,"f:110:20:110:26":5,"s:110:26:110:Infinity":38,"s:118:2:118:Infinity":39,"s:120:8:127:Infinity":40,"s:129:34:129:Infinity":41,"s:132:2:134:Infinity":42,"f:132:12:132:18":6,"s:133:4:133:Infinity":43,"s:137:2:155:Infinity":44,"f:137:12:137:18":7,"s:138:4:138:Infinity":45,"s:141:18:148:Infinity":46,"f:141:29:141:35":8,"s:142:6:147:Infinity":47,"s:150:4:154:Infinity":48,"f:150:11:150:17":9,"s:151:6:151:Infinity":49,"s:152:6:152:Infinity":50,"s:153:6:153:Infinity":51,"s:157:34:172:Infinity":52,"f:157:34:157:46":10,"b:158:4:171:Infinity:162:11:171:Infinity":15,"s:158:4:171:Infinity":53,"s:159:6:159:Infinity":54,"s:160:6:160:Infinity":55,"s:161:6:161:Infinity":56,"s:163:6:170:Infinity":57,"s:164:23:164:Infinity":58,"s:165:8:165:Infinity":59,"s:166:8:166:Infinity":60,"s:169:8:169:Infinity":61,"s:174:27:179:Infinity":62,"f:174:27:174:33":11,"s:175:4:175:Infinity":63,"f:175:18:175:19":12,"s:175:28:175:33":64,"b:176:4:178:Infinity:undefined:undefined:undefined:undefined":16,"s:176:4:178:Infinity":65,"s:177:6:177:Infinity":66,"s:181:28:183:Infinity":67,"f:181:28:181:29":13,"s:182:4:182:Infinity":68,"s:185:27:185:Infinity":69,"s:187:2:242:Infinity":70,"b:196:68:196:74:196:74:196:Infinity":17,"b:204:61:204:80:204:80:204:86":18,"b:216:9:216:Infinity:217:10:224:Infinity":19,"f:222:23:222:29":14,"s:222:29:222:Infinity":71}}}
,"/Users/jorge.ortega/github/webrtc-video-calls/src/components/Chat.tsx": {"path":"/Users/jorge.ortega/github/webrtc-video-calls/src/components/Chat.tsx","statementMap":{"0":{"start":{"line":14,"column":34},"end":{"line":14,"column":null}},"1":{"start":{"line":15,"column":8},"end":{"line":15,"column":null}},"2":{"start":{"line":16,"column":8},"end":{"line":16,"column":null}},"3":{"start":{"line":19,"column":2},"end":{"line":22,"column":null}},"4":{"start":{"line":20,"column":15},"end":{"line":20,"column":null}},"5":{"start":{"line":21,"column":4},"end":{"line":21,"column":null}},"6":{"start":{"line":21,"column":12},"end":{"line":21,"column":null}},"7":{"start":{"line":25,"column":2},"end":{"line":27,"column":null}},"8":{"start":{"line":26,"column":4},"end":{"line":26,"column":null}},"9":{"start":{"line":29,"column":23},"end":{"line":35,"column":null}},"10":{"start":{"line":30,"column":4},"end":{"line":30,"column":null}},"11":{"start":{"line":31,"column":4},"end":{"line":34,"column":null}},"12":{"start":{"line":32,"column":6},"end":{"line":32,"column":null}},"13":{"start":{"line":33,"column":6},"end":{"line":33,"column":null}},"14":{"start":{"line":37,"column":21},"end":{"line":42,"column":null}},"15":{"start":{"line":38,"column":4},"end":{"line":41,"column":null}},"16":{"start":{"line":44,"column":2},"end":{"line":131,"column":null}},"17":{"start":{"line":72,"column":30},"end":{"line":72,"column":null}},"18":{"start":{"line":74,"column":16},"end":{"line":96,"column":null}},"19":{"start":{"line":117,"column":29},"end":{"line":117,"column":null}}},"fnMap":{"0":{"name":"Chat","decl":{"start":{"line":13,"column":16},"end":{"line":13,"column":21}},"loc":{"start":{"line":13,"column":85},"end":{"line":133,"column":null}},"line":13},"1":{"name":"(anonymous_1)","decl":{"start":{"line":19,"column":12},"end":{"line":19,"column":18}},"loc":{"start":{"line":19,"column":18},"end":{"line":22,"column":5}},"line":19},"2":{"name":"(anonymous_2)","decl":{"start":{"line":25,"column":12},"end":{"line":25,"column":18}},"loc":{"start":{"line":25,"column":18},"end":{"line":27,"column":5}},"line":25},"3":{"name":"(anonymous_3)","decl":{"start":{"line":29,"column":23},"end":{"line":29,"column":24}},"loc":{"start":{"line":29,"column":47},"end":{"line":35,"column":null}},"line":29},"4":{"name":"(anonymous_4)","decl":{"start":{"line":37,"column":21},"end":{"line":37,"column":22}},"loc":{"start":{"line":37,"column":44},"end":{"line":42,"column":null}},"line":37},"5":{"name":"(anonymous_5)","decl":{"start":{"line":71,"column":28},"end":{"line":71,"column":29}},"loc":{"start":{"line":71,"column":41},"end":{"line":98,"column":15}},"line":71},"6":{"name":"(anonymous_6)","decl":{"start":{"line":117,"column":22},"end":{"line":117,"column":23}},"loc":{"start":{"line":117,"column":29},"end":{"line":117,"column":null}},"line":117}},"branchMap":{"0":{"loc":{"start":{"line":21,"column":4},"end":{"line":21,"column":null}},"type":"if","locations":[{"start":{"line":21,"column":4},"end":{"line":21,"column":null}},{"start":{},"end":{}}],"line":21},"1":{"loc":{"start":{"line":31,"column":4},"end":{"line":34,"column":null}},"type":"if","locations":[{"start":{"line":31,"column":4},"end":{"line":34,"column":null}},{"start":{},"end":{}}],"line":31},"2":{"loc":{"start":{"line":61,"column":11},"end":{"line":99,"column":null}},"type":"cond-expr","locations":[{"start":{"line":62,"column":12},"end":{"line":68,"column":null}},{"start":{"line":70,"column":12},"end":{"line":99,"column":null}}],"line":61},"3":{"loc":{"start":{"line":77,"column":48},"end":{"line":77,"column":83}},"type":"cond-expr","locations":[{"start":{"line":77,"column":56},"end":{"line":77,"column":70}},{"start":{"line":77,"column":70},"end":{"line":77,"column":83}}],"line":77},"4":{"loc":{"start":{"line":81,"column":25},"end":{"line":81,"column":null}},"type":"cond-expr","locations":[{"start":{"line":81,"column":33},"end":{"line":81,"column":41}},{"start":{"line":81,"column":41},"end":{"line":81,"column":null}}],"line":81},"5":{"loc":{"start":{"line":89,"column":24},"end":{"line":91,"column":null}},"type":"cond-expr","locations":[{"start":{"line":90,"column":28},"end":{"line":90,"column":null}},{"start":{"line":91,"column":28},"end":{"line":91,"column":null}}],"line":89}},"s":{"0":10,"1":10,"2":10,"3":10,"4":7,"5":7,"6":7,"7":10,"8":6,"9":10,"10":2,"11":2,"12":1,"13":1,"14":10,"15":4,"16":10,"17":4,"18":4,"19":2},"f":{"0":10,"1":7,"2":6,"3":2,"4":4,"5":4,"6":2},"b":{"0":[7,0],"1":[1,1],"2":[8,2],"3":[2,2],"4":[2,2],"5":[2,2]},"meta":{"lastBranch":6,"lastFunction":7,"lastStatement":20,"seen":{"f:13:16:13:21":0,"s:14:34:14:Infinity":0,"s:15:8:15:Infinity":1,"s:16:8:16:Infinity":2,"s:19:2:22:Infinity":3,"f:19:12:19:18":1,"s:20:15:20:Infinity":4,"b:21:4:21:Infinity:undefined:undefined:undefined:undefined":0,"s:21:4:21:Infinity":5,"s:21:12:21:Infinity":6,"s:25:2:27:Infinity":7,"f:25:12:25:18":2,"s:26:4:26:Infinity":8,"s:29:23:35:Infinity":9,"f:29:23:29:24":3,"s:30:4:30:Infinity":10,"b:31:4:34:Infinity:undefined:undefined:undefined:undefined":1,"s:31:4:34:Infinity":11,"s:32:6:32:Infinity":12,"s:33:6:33:Infinity":13,"s:37:21:42:Infinity":14,"f:37:21:37:22":4,"s:38:4:41:Infinity":15,"s:44:2:131:Infinity":16,"b:62:12:68:Infinity:70:12:99:Infinity":2,"f:71:28:71:29":5,"s:72:30:72:Infinity":17,"s:74:16:96:Infinity":18,"b:77:56:77:70:77:70:77:83":3,"b:81:33:81:41:81:41:81:Infinity":4,"b:90:28:90:Infinity:91:28:91:Infinity":5,"f:117:22:117:23":6,"s:117:29:117:Infinity":19}}}
,"/Users/jorge.ortega/github/webrtc-video-calls/src/components/Controls.tsx": {"path":"/Users/jorge.ortega/github/webrtc-video-calls/src/components/Controls.tsx","statementMap":{"0":{"start":{"line":48,"column":2},"end":{"line":81,"column":null}},"1":{"start":{"line":98,"column":26},"end":{"line":98,"column":null}},"2":{"start":{"line":100,"column":25},"end":{"line":105,"column":null}},"3":{"start":{"line":101,"column":10},"end":{"line":101,"column":null}},"4":{"start":{"line":102,"column":4},"end":{"line":102,"column":null}},"5":{"start":{"line":103,"column":4},"end":{"line":103,"column":null}},"6":{"start":{"line":104,"column":4},"end":{"line":104,"column":null}},"7":{"start":{"line":104,"column":21},"end":{"line":104,"column":39}},"8":{"start":{"line":107,"column":2},"end":{"line":159,"column":null}}},"fnMap":{"0":{"name":"ControlButton","decl":{"start":{"line":40,"column":9},"end":{"line":40,"column":23}},"loc":{"start":{"line":47,"column":23},"end":{"line":83,"column":null}},"line":47},"1":{"name":"Controls","decl":{"start":{"line":85,"column":16},"end":{"line":85,"column":25}},"loc":{"start":{"line":97,"column":18},"end":{"line":161,"column":null}},"line":97},"2":{"name":"(anonymous_2)","decl":{"start":{"line":100,"column":25},"end":{"line":100,"column":37}},"loc":{"start":{"line":100,"column":37},"end":{"line":105,"column":null}},"line":100},"3":{"name":"(anonymous_3)","decl":{"start":{"line":104,"column":15},"end":{"line":104,"column":21}},"loc":{"start":{"line":104,"column":21},"end":{"line":104,"column":39}},"line":104}},"branchMap":{"0":{"loc":{"start":{"line":44,"column":2},"end":{"line":44,"column":null}},"type":"default-arg","locations":[{"start":{"line":44,"column":11},"end":{"line":44,"column":null}}],"line":44},"1":{"loc":{"start":{"line":45,"column":2},"end":{"line":45,"column":null}},"type":"default-arg","locations":[{"start":{"line":45,"column":11},"end":{"line":45,"column":null}}],"line":45},"2":{"loc":{"start":{"line":55,"column":14},"end":{"line":59,"column":null}},"type":"cond-expr","locations":[{"start":{"line":56,"column":18},"end":{"line":56,"column":null}},{"start":{"line":57,"column":18},"end":{"line":59,"column":null}}],"line":55},"3":{"loc":{"start":{"line":57,"column":18},"end":{"line":59,"column":null}},"type":"cond-expr","locations":[{"start":{"line":58,"column":18},"end":{"line":58,"column":null}},{"start":{"line":59,"column":18},"end":{"line":59,"column":null}}],"line":57},"4":{"loc":{"start":{"line":64,"column":13},"end":{"line":67,"column":null}},"type":"binary-expr","locations":[{"start":{"line":64,"column":13},"end":{"line":64,"column":36}},{"start":{"line":64,"column":36},"end":{"line":64,"column":null}},{"start":{"line":65,"column":14},"end":{"line":67,"column":null}}],"line":64},"5":{"loc":{"start":{"line":66,"column":17},"end":{"line":66,"column":null}},"type":"cond-expr","locations":[{"start":{"line":66,"column":29},"end":{"line":66,"column":36}},{"start":{"line":66,"column":36},"end":{"line":66,"column":null}}],"line":66},"6":{"loc":{"start":{"line":112,"column":16},"end":{"line":112,"column":null}},"type":"cond-expr","locations":[{"start":{"line":112,"column":33},"end":{"line":112,"column":63}},{"start":{"line":112,"column":63},"end":{"line":112,"column":null}}],"line":112},"7":{"loc":{"start":{"line":113,"column":17},"end":{"line":113,"column":null}},"type":"cond-expr","locations":[{"start":{"line":113,"column":34},"end":{"line":113,"column":43}},{"start":{"line":113,"column":43},"end":{"line":113,"column":null}}],"line":113},"8":{"loc":{"start":{"line":120,"column":16},"end":{"line":120,"column":null}},"type":"cond-expr","locations":[{"start":{"line":120,"column":33},"end":{"line":120,"column":65}},{"start":{"line":120,"column":65},"end":{"line":120,"column":null}}],"line":120},"9":{"loc":{"start":{"line":121,"column":17},"end":{"line":121,"column":null}},"type":"cond-expr","locations":[{"start":{"line":121,"column":34},"end":{"line":121,"column":49}},{"start":{"line":121,"column":49},"end":{"line":121,"column":null}}],"line":121},"10":{"loc":{"start":{"line":128,"column":16},"end":{"line":128,"column":null}},"type":"cond-expr","locations":[{"start":{"line":128,"column":34},"end":{"line":128,"column":71}},{"start":{"line":128,"column":71},"end":{"line":128,"column":null}}],"line":128},"11":{"loc":{"start":{"line":129,"column":17},"end":{"line":129,"column":null}},"type":"cond-expr","locations":[{"start":{"line":129,"column":35},"end":{"line":129,"column":52}},{"start":{"line":129,"column":52},"end":{"line":129,"column":null}}],"line":129},"12":{"loc":{"start":{"line":137,"column":17},"end":{"line":137,"column":null}},"type":"cond-expr","locations":[{"start":{"line":137,"column":30},"end":{"line":137,"column":45}},{"start":{"line":137,"column":45},"end":{"line":137,"column":null}}],"line":137},"13":{"loc":{"start":{"line":140,"column":17},"end":{"line":140,"column":null}},"type":"cond-expr","locations":[{"start":{"line":140,"column":30},"end":{"line":140,"column":34}},{"start":{"line":140,"column":34},"end":{"line":140,"column":null}}],"line":140},"14":{"loc":{"start":{"line":145,"column":16},"end":{"line":145,"column":null}},"type":"cond-expr","locations":[{"start":{"line":145,"column":25},"end":{"line":145,"column":57}},{"start":{"line":145,"column":57},"end":{"line":145,"column":null}}],"line":145},"15":{"loc":{"start":{"line":146,"column":17},"end":{"line":146,"column":null}},"type":"cond-expr","locations":[{"start":{"line":146,"column":26},"end":{"line":146,"column":38}},{"start":{"line":146,"column":38},"end":{"line":146,"column":null}}],"line":146}},"s":{"0":108,"1":18,"2":18,"3":1,"4":1,"5":1,"6":1,"7":1,"8":18},"f":{"0":108,"1":18,"2":1,"3":1},"b":{"0":[108],"1":[108],"2":[18,90],"3":[87,3],"4":[108,18,2],"5":[1,1],"6":[17,1],"7":[17,1],"8":[17,1],"9":[17,1],"10":[1,17],"11":[1,17],"12":[2,16],"13":[2,16],"14":[1,17],"15":[1,17]},"meta":{"lastBranch":16,"lastFunction":4,"lastStatement":9,"seen":{"f:40:9:40:23":0,"b:44:11:44:Infinity":0,"b:45:11:45:Infinity":1,"s:48:2:81:Infinity":0,"b:56:18:56:Infinity:57:18:59:Infinity":2,"b:58:18:58:Infinity:59:18:59:Infinity":3,"b:64:13:64:36:64:36:64:Infinity:65:14:67:Infinity":4,"b:66:29:66:36:66:36:66:Infinity":5,"f:85:16:85:25":1,"s:98:26:98:Infinity":1,"s:100:25:105:Infinity":2,"f:100:25:100:37":2,"s:101:10:101:Infinity":3,"s:102:4:102:Infinity":4,"s:103:4:103:Infinity":5,"s:104:4:104:Infinity":6,"f:104:15:104:21":3,"s:104:21:104:39":7,"s:107:2:159:Infinity":8,"b:112:33:112:63:112:63:112:Infinity":6,"b:113:34:113:43:113:43:113:Infinity":7,"b:120:33:120:65:120:65:120:Infinity":8,"b:121:34:121:49:121:49:121:Infinity":9,"b:128:34:128:71:128:71:128:Infinity":10,"b:129:35:129:52:129:52:129:Infinity":11,"b:137:30:137:45:137:45:137:Infinity":12,"b:140:30:140:34:140:34:140:Infinity":13,"b:145:25:145:57:145:57:145:Infinity":14,"b:146:26:146:38:146:38:146:Infinity":15}}}
,"/Users/jorge.ortega/github/webrtc-video-calls/src/components/DeviceSelector.tsx": {"path":"/Users/jorge.ortega/github/webrtc-video-calls/src/components/DeviceSelector.tsx","statementMap":{"0":{"start":{"line":20,"column":25},"end":{"line":20,"column":null}},"1":{"start":{"line":20,"column":45},"end":{"line":20,"column":76}},"2":{"start":{"line":21,"column":15},"end":{"line":21,"column":null}},"3":{"start":{"line":23,"column":2},"end":{"line":67,"column":null}},"4":{"start":{"line":52,"column":14},"end":{"line":62,"column":null}},"5":{"start":{"line":56,"column":32},"end":{"line":56,"column":null}}},"fnMap":{"0":{"name":"DeviceSelector","decl":{"start":{"line":13,"column":16},"end":{"line":13,"column":31}},"loc":{"start":{"line":19,"column":24},"end":{"line":69,"column":null}},"line":19},"1":{"name":"(anonymous_1)","decl":{"start":{"line":20,"column":38},"end":{"line":20,"column":39}},"loc":{"start":{"line":20,"column":45},"end":{"line":20,"column":76}},"line":20},"2":{"name":"(anonymous_2)","decl":{"start":{"line":51,"column":24},"end":{"line":51,"column":25}},"loc":{"start":{"line":52,"column":14},"end":{"line":62,"column":null}},"line":52},"3":{"name":"(anonymous_3)","decl":{"start":{"line":56,"column":26},"end":{"line":56,"column":32}},"loc":{"start":{"line":56,"column":32},"end":{"line":56,"column":null}},"line":56}},"branchMap":{"0":{"loc":{"start":{"line":18,"column":2},"end":{"line":18,"column":null}},"type":"default-arg","locations":[{"start":{"line":18,"column":13},"end":{"line":18,"column":null}}],"line":18},"1":{"loc":{"start":{"line":21,"column":15},"end":{"line":21,"column":null}},"type":"cond-expr","locations":[{"start":{"line":21,"column":35},"end":{"line":21,"column":44}},{"start":{"line":21,"column":44},"end":{"line":21,"column":null}}],"line":21},"2":{"loc":{"start":{"line":33,"column":15},"end":{"line":33,"column":null}},"type":"binary-expr","locations":[{"start":{"line":33,"column":15},"end":{"line":33,"column":40}},{"start":{"line":33,"column":40},"end":{"line":33,"column":null}}],"line":33},"3":{"loc":{"start":{"line":46,"column":11},"end":{"line":63,"column":null}},"type":"cond-expr","locations":[{"start":{"line":47,"column":12},"end":{"line":49,"column":null}},{"start":{"line":51,"column":12},"end":{"line":63,"column":null}}],"line":46},"4":{"loc":{"start":{"line":59,"column":17},"end":{"line":60,"column":null}},"type":"binary-expr","locations":[{"start":{"line":59,"column":17},"end":{"line":59,"column":null}},{"start":{"line":60,"column":18},"end":{"line":60,"column":null}}],"line":59}},"s":{"0":33,"1":15,"2":33,"3":33,"4":20,"5":1},"f":{"0":33,"1":15,"2":20,"3":1},"b":{"0":[33],"1":[19,14],"2":[33,20],"3":[19,14],"4":[20,13]},"meta":{"lastBranch":5,"lastFunction":4,"lastStatement":6,"seen":{"f:13:16:13:31":0,"b:18:13:18:Infinity":0,"s:20:25:20:Infinity":0,"f:20:38:20:39":1,"s:20:45:20:76":1,"s:21:15:21:Infinity":2,"b:21:35:21:44:21:44:21:Infinity":1,"s:23:2:67:Infinity":3,"b:33:15:33:40:33:40:33:Infinity":2,"b:47:12:49:Infinity:51:12:63:Infinity":3,"f:51:24:51:25":2,"s:52:14:62:Infinity":4,"f:56:26:56:32":3,"s:56:32:56:Infinity":5,"b:59:17:59:Infinity:60:18:60:Infinity":4}}}
,"/Users/jorge.ortega/github/webrtc-video-calls/src/components/Home.tsx": {"path":"/Users/jorge.ortega/github/webrtc-video-calls/src/components/Home.tsx","statementMap":{"0":{"start":{"line":6,"column":40},"end":{"line":6,"column":null}},"1":{"start":{"line":8,"column":30},"end":{"line":11,"column":null}},"2":{"start":{"line":9,"column":10},"end":{"line":9,"column":null}},"3":{"start":{"line":10,"column":4},"end":{"line":10,"column":null}},"4":{"start":{"line":13,"column":28},"end":{"line":18,"column":null}},"5":{"start":{"line":14,"column":4},"end":{"line":14,"column":null}},"6":{"start":{"line":15,"column":4},"end":{"line":17,"column":null}},"7":{"start":{"line":16,"column":6},"end":{"line":16,"column":null}},"8":{"start":{"line":20,"column":2},"end":{"line":85,"column":null}},"9":{"start":{"line":55,"column":29},"end":{"line":55,"column":null}}},"fnMap":{"0":{"name":"Home","decl":{"start":{"line":5,"column":16},"end":{"line":5,"column":23}},"loc":{"start":{"line":5,"column":23},"end":{"line":87,"column":null}},"line":5},"1":{"name":"(anonymous_1)","decl":{"start":{"line":8,"column":30},"end":{"line":8,"column":36}},"loc":{"start":{"line":8,"column":36},"end":{"line":11,"column":null}},"line":8},"2":{"name":"(anonymous_2)","decl":{"start":{"line":13,"column":28},"end":{"line":13,"column":29}},"loc":{"start":{"line":13,"column":52},"end":{"line":18,"column":null}},"line":13},"3":{"name":"(anonymous_3)","decl":{"start":{"line":55,"column":22},"end":{"line":55,"column":23}},"loc":{"start":{"line":55,"column":29},"end":{"line":55,"column":null}},"line":55}},"branchMap":{"0":{"loc":{"start":{"line":15,"column":4},"end":{"line":17,"column":null}},"type":"if","locations":[{"start":{"line":15,"column":4},"end":{"line":17,"column":null}},{"start":{},"end":{}}],"line":15}},"s":{"0":10,"1":10,"2":1,"3":1,"4":10,"5":2,"6":2,"7":1,"8":10,"9":3},"f":{"0":10,"1":1,"2":2,"3":3},"b":{"0":[1,1]},"meta":{"lastBranch":1,"lastFunction":4,"lastStatement":10,"seen":{"f:5:16:5:23":0,"s:6:40:6:Infinity":0,"s:8:30:11:Infinity":1,"f:8:30:8:36":1,"s:9:10:9:Infinity":2,"s:10:4:10:Infinity":3,"s:13:28:18:Infinity":4,"f:13:28:13:29":2,"s:14:4:14:Infinity":5,"b:15:4:17:Infinity:undefined:undefined:undefined:undefined":0,"s:15:4:17:Infinity":6,"s:16:6:16:Infinity":7,"s:20:2:85:Infinity":8,"f:55:22:55:23":3,"s:55:29:55:Infinity":9}}}
,"/Users/jorge.ortega/github/webrtc-video-calls/src/components/Lobby.tsx": {"path":"/Users/jorge.ortega/github/webrtc-video-calls/src/components/Lobby.tsx","statementMap":{"0":{"start":{"line":15,"column":30},"end":{"line":17,"column":null}},"1":{"start":{"line":16,"column":4},"end":{"line":16,"column":null}},"2":{"start":{"line":18,"column":32},"end":{"line":18,"column":null}},"3":{"start":{"line":19,"column":26},"end":{"line":19,"column":null}},"4":{"start":{"line":29,"column":2},"end":{"line":29,"column":null}},"5":{"start":{"line":39,"column":2},"end":{"line":42,"column":null}},"6":{"start":{"line":45,"column":2},"end":{"line":49,"column":null}},"7":{"start":{"line":46,"column":4},"end":{"line":48,"column":null}},"8":{"start":{"line":47,"column":6},"end":{"line":47,"column":null}},"9":{"start":{"line":52,"column":2},"end":{"line":56,"column":null}},"10":{"start":{"line":53,"column":4},"end":{"line":55,"column":null}},"11":{"start":{"line":54,"column":6},"end":{"line":54,"column":null}},"12":{"start":{"line":59,"column":2},"end":{"line":63,"column":null}},"13":{"start":{"line":60,"column":4},"end":{"line":62,"column":null}},"14":{"start":{"line":61,"column":6},"end":{"line":61,"column":null}},"15":{"start":{"line":65,"column":21},"end":{"line":75,"column":null}},"16":{"start":{"line":66,"column":4},"end":{"line":66,"column":null}},"17":{"start":{"line":66,"column":42},"end":{"line":66,"column":null}},"18":{"start":{"line":68,"column":4},"end":{"line":68,"column":null}},"19":{"start":{"line":69,"column":4},"end":{"line":74,"column":null}},"20":{"start":{"line":70,"column":6},"end":{"line":70,"column":null}},"21":{"start":{"line":72,"column":6},"end":{"line":72,"column":null}},"22":{"start":{"line":73,"column":6},"end":{"line":73,"column":null}},"23":{"start":{"line":77,"column":25},"end":{"line":82,"column":null}},"24":{"start":{"line":78,"column":10},"end":{"line":78,"column":null}},"25":{"start":{"line":79,"column":4},"end":{"line":79,"column":null}},"26":{"start":{"line":80,"column":4},"end":{"line":80,"column":null}},"27":{"start":{"line":81,"column":4},"end":{"line":81,"column":null}},"28":{"start":{"line":81,"column":21},"end":{"line":81,"column":39}},"29":{"start":{"line":84,"column":2},"end":{"line":214,"column":null}},"30":{"start":{"line":172,"column":29},"end":{"line":172,"column":null}}},"fnMap":{"0":{"name":"Lobby","decl":{"start":{"line":14,"column":16},"end":{"line":14,"column":22}},"loc":{"start":{"line":14,"column":57},"end":{"line":216,"column":null}},"line":14},"1":{"name":"(anonymous_1)","decl":{"start":{"line":15,"column":43},"end":{"line":15,"column":49}},"loc":{"start":{"line":15,"column":49},"end":{"line":17,"column":3}},"line":15},"2":{"name":"(anonymous_2)","decl":{"start":{"line":45,"column":12},"end":{"line":45,"column":18}},"loc":{"start":{"line":45,"column":18},"end":{"line":49,"column":5}},"line":45},"3":{"name":"(anonymous_3)","decl":{"start":{"line":46,"column":22},"end":{"line":46,"column":28}},"loc":{"start":{"line":46,"column":28},"end":{"line":48,"column":5}},"line":46},"4":{"name":"(anonymous_4)","decl":{"start":{"line":52,"column":12},"end":{"line":52,"column":18}},"loc":{"start":{"line":52,"column":18},"end":{"line":56,"column":5}},"line":52},"5":{"name":"(anonymous_5)","decl":{"start":{"line":59,"column":12},"end":{"line":59,"column":18}},"loc":{"start":{"line":59,"column":18},"end":{"line":63,"column":5}},"line":59},"6":{"name":"(anonymous_6)","decl":{"start":{"line":65,"column":21},"end":{"line":65,"column":33}},"loc":{"start":{"line":65,"column":33},"end":{"line":75,"column":null}},"line":65},"7":{"name":"(anonymous_7)","decl":{"start":{"line":77,"column":25},"end":{"line":77,"column":37}},"loc":{"start":{"line":77,"column":37},"end":{"line":82,"column":null}},"line":77},"8":{"name":"(anonymous_8)","decl":{"start":{"line":81,"column":15},"end":{"line":81,"column":21}},"loc":{"start":{"line":81,"column":21},"end":{"line":81,"column":39}},"line":81},"9":{"name":"(anonymous_9)","decl":{"start":{"line":172,"column":22},"end":{"line":172,"column":23}},"loc":{"start":{"line":172,"column":29},"end":{"line":172,"column":null}},"line":172}},"branchMap":{"0":{"loc":{"start":{"line":16,"column":11},"end":{"line":16,"column":null}},"type":"binary-expr","locations":[{"start":{"line":16,"column":11},"end":{"line":16,"column":58}},{"start":{"line":16,"column":58},"end":{"line":16,"column":null}}],"line":16},"1":{"loc":{"start":{"line":53,"column":4},"end":{"line":55,"column":null}},"type":"if","locations":[{"start":{"line":53,"column":4},"end":{"line":55,"column":null}},{"start":{},"end":{}}],"line":53},"2":{"loc":{"start":{"line":53,"column":8},"end":{"line":53,"column":50}},"type":"binary-expr","locations":[{"start":{"line":53,"column":8},"end":{"line":53,"column":28}},{"start":{"line":53,"column":28},"end":{"line":53,"column":50}}],"line":53},"3":{"loc":{"start":{"line":60,"column":4},"end":{"line":62,"column":null}},"type":"if","locations":[{"start":{"line":60,"column":4},"end":{"line":62,"column":null}},{"start":{},"end":{}}],"line":60},"4":{"loc":{"start":{"line":66,"column":4},"end":{"line":66,"column":null}},"type":"if","locations":[{"start":{"line":66,"column":4},"end":{"line":66,"column":null}},{"start":{},"end":{}}],"line":66},"5":{"loc":{"start":{"line":66,"column":8},"end":{"line":66,"column":42}},"type":"binary-expr","locations":[{"start":{"line":66,"column":8},"end":{"line":66,"column":28}},{"start":{"line":66,"column":28},"end":{"line":66,"column":42}}],"line":66},"6":{"loc":{"start":{"line":91,"column":20},"end":{"line":91,"column":null}},"type":"binary-expr","locations":[{"start":{"line":91,"column":20},"end":{"line":91,"column":32}},{"start":{"line":91,"column":32},"end":{"line":91,"column":null}}],"line":91},"7":{"loc":{"start":{"line":99,"column":14},"end":{"line":101,"column":null}},"type":"cond-expr","locations":[{"start":{"line":100,"column":18},"end":{"line":100,"column":null}},{"start":{"line":101,"column":18},"end":{"line":101,"column":null}}],"line":99},"8":{"loc":{"start":{"line":103,"column":24},"end":{"line":103,"column":null}},"type":"cond-expr","locations":[{"start":{"line":103,"column":41},"end":{"line":103,"column":61}},{"start":{"line":103,"column":61},"end":{"line":103,"column":null}}],"line":103},"9":{"loc":{"start":{"line":105,"column":13},"end":{"line":108,"column":null}},"type":"cond-expr","locations":[{"start":{"line":106,"column":14},"end":{"line":106,"column":null}},{"start":{"line":108,"column":14},"end":{"line":108,"column":null}}],"line":105},"10":{"loc":{"start":{"line":115,"column":14},"end":{"line":117,"column":null}},"type":"cond-expr","locations":[{"start":{"line":116,"column":18},"end":{"line":116,"column":null}},{"start":{"line":117,"column":18},"end":{"line":117,"column":null}}],"line":115},"11":{"loc":{"start":{"line":119,"column":24},"end":{"line":119,"column":null}},"type":"cond-expr","locations":[{"start":{"line":119,"column":41},"end":{"line":119,"column":61}},{"start":{"line":119,"column":61},"end":{"line":119,"column":null}}],"line":119},"12":{"loc":{"start":{"line":121,"column":13},"end":{"line":124,"column":null}},"type":"cond-expr","locations":[{"start":{"line":122,"column":14},"end":{"line":122,"column":null}},{"start":{"line":124,"column":14},"end":{"line":124,"column":null}}],"line":121},"13":{"loc":{"start":{"line":129,"column":9},"end":{"line":132,"column":null}},"type":"binary-expr","locations":[{"start":{"line":129,"column":9},"end":{"line":129,"column":null}},{"start":{"line":130,"column":10},"end":{"line":132,"column":null}}],"line":129},"14":{"loc":{"start":{"line":150,"column":11},"end":{"line":159,"column":null}},"type":"cond-expr","locations":[{"start":{"line":151,"column":12},"end":{"line":154,"column":null}},{"start":{"line":156,"column":12},"end":{"line":159,"column":null}}],"line":150},"15":{"loc":{"start":{"line":208,"column":20},"end":{"line":208,"column":null}},"type":"binary-expr","locations":[{"start":{"line":208,"column":20},"end":{"line":208,"column":40}},{"start":{"line":208,"column":40},"end":{"line":208,"column":56}},{"start":{"line":208,"column":56},"end":{"line":208,"column":null}}],"line":208},"16":{"loc":{"start":{"line":211,"column":11},"end":{"line":211,"column":null}},"type":"cond-expr","locations":[{"start":{"line":211,"column":23},"end":{"line":211,"column":38}},{"start":{"line":211,"column":38},"end":{"line":211,"column":null}}],"line":211}},"s":{"0":14,"1":5,"2":14,"3":14,"4":14,"5":14,"6":14,"7":13,"8":13,"9":14,"10":10,"11":1,"12":14,"13":8,"14":3,"15":14,"16":3,"17":0,"18":3,"19":3,"20":3,"21":1,"22":1,"23":14,"24":2,"25":2,"26":2,"27":2,"28":1,"29":14,"30":3},"f":{"0":14,"1":5,"2":13,"3":13,"4":10,"5":8,"6":3,"7":2,"8":1,"9":3},"b":{"0":[5,5],"1":[1,9],"2":[10,9],"3":[3,5],"4":[0,3],"5":[3,3],"6":[14,7],"7":[14,0],"8":[14,0],"9":[14,0],"10":[14,0],"11":[14,0],"12":[14,0],"13":[14,0],"14":[2,12],"15":[14,7,7],"16":[3,11]},"meta":{"lastBranch":17,"lastFunction":10,"lastStatement":31,"seen":{"f:14:16:14:22":0,"s:15:30:17:Infinity":0,"f:15:43:15:49":1,"s:16:4:16:Infinity":1,"b:16:11:16:58:16:58:16:Infinity":0,"s:18:32:18:Infinity":2,"s:19:26:19:Infinity":3,"s:29:2:29:Infinity":4,"s:39:2:42:Infinity":5,"s:45:2:49:Infinity":6,"f:45:12:45:18":2,"s:46:4:48:Infinity":7,"f:46:22:46:28":3,"s:47:6:47:Infinity":8,"s:52:2:56:Infinity":9,"f:52:12:52:18":4,"b:53:4:55:Infinity:undefined:undefined:undefined:undefined":1,"s:53:4:55:Infinity":10,"b:53:8:53:28:53:28:53:50":2,"s:54:6:54:Infinity":11,"s:59:2:63:Infinity":12,"f:59:12:59:18":5,"b:60:4:62:Infinity:undefined:undefined:undefined:undefined":3,"s:60:4:62:Infinity":13,"s:61:6:61:Infinity":14,"s:65:21:75:Infinity":15,"f:65:21:65:33":6,"b:66:4:66:Infinity:undefined:undefined:undefined:undefined":4,"s:66:4:66:Infinity":16,"b:66:8:66:28:66:28:66:42":5,"s:66:42:66:Infinity":17,"s:68:4:68:Infinity":18,"s:69:4:74:Infinity":19,"s:70:6:70:Infinity":20,"s:72:6:72:Infinity":21,"s:73:6:73:Infinity":22,"s:77:25:82:Infinity":23,"f:77:25:77:37":7,"s:78:10:78:Infinity":24,"s:79:4:79:Infinity":25,"s:80:4:80:Infinity":26,"s:81:4:81:Infinity":27,"f:81:15:81:21":8,"s:81:21:81:39":28,"s:84:2:214:Infinity":29,"b:91:20:91:32:91:32:91:Infinity":6,"b:100:18:100:Infinity:101:18:101:Infinity":7,"b:103:41:103:61:103:61:103:Infinity":8,"b:106:14:106:Infinity:108:14:108:Infinity":9,"b:116:18:116:Infinity:117:18:117:Infinity":10,"b:119:41:119:61:119:61:119:Infinity":11,"b:122:14:122:Infinity:124:14:124:Infinity":12,"b:129:9:129:Infinity:130:10:132:Infinity":13,"b:151:12:154:Infinity:156:12:159:Infinity":14,"f:172:22:172:23":9,"s:172:29:172:Infinity":30,"b:208:20:208:40:208:40:208:56:208:56:208:Infinity":15,"b:211:23:211:38:211:38:211:Infinity":16}}}
,"/Users/jorge.ortega/github/webrtc-video-calls/src/components/VideoGrid.tsx": {"path":"/Users/jorge.ortega/github/webrtc-video-calls/src/components/VideoGrid.tsx","statementMap":{"0":{"start":{"line":22,"column":27},"end":{"line":22,"column":null}},"1":{"start":{"line":22,"column":53},"end":{"line":22,"column":67}},"2":{"start":{"line":23,"column":22},"end":{"line":23,"column":null}},"3":{"start":{"line":24,"column":21},"end":{"line":24,"column":null}},"4":{"start":{"line":27,"column":25},"end":{"line":33,"column":null}},"5":{"start":{"line":28,"column":4},"end":{"line":28,"column":null}},"6":{"start":{"line":28,"column":26},"end":{"line":28,"column":null}},"7":{"start":{"line":29,"column":4},"end":{"line":29,"column":null}},"8":{"start":{"line":29,"column":26},"end":{"line":29,"column":null}},"9":{"start":{"line":30,"column":4},"end":{"line":30,"column":null}},"10":{"start":{"line":30,"column":25},"end":{"line":30,"column":null}},"11":{"start":{"line":31,"column":4},"end":{"line":31,"column":null}},"12":{"start":{"line":31,"column":25},"end":{"line":31,"column":null}},"13":{"start":{"line":32,"column":4},"end":{"line":32,"column":null}},"14":{"start":{"line":36,"column":25},"end":{"line":36,"column":null}},"15":{"start":{"line":38,"column":2},"end":{"line":90,"column":null}},"16":{"start":{"line":39,"column":4},"end":{"line":88,"column":null}},"17":{"start":{"line":54,"column":27},"end":{"line":54,"column":41}},"18":{"start":{"line":56,"column":14},"end":{"line":62,"column":null}},"19":{"start":{"line":80,"column":12},"end":{"line":85,"column":null}},"20":{"start":{"line":93,"column":2},"end":{"line":114,"column":null}},"21":{"start":{"line":107,"column":8},"end":{"line":112,"column":null}}},"fnMap":{"0":{"name":"VideoGrid","decl":{"start":{"line":13,"column":16},"end":{"line":13,"column":26}},"loc":{"start":{"line":20,"column":19},"end":{"line":116,"column":null}},"line":20},"1":{"name":"(anonymous_1)","decl":{"start":{"line":22,"column":46},"end":{"line":22,"column":47}},"loc":{"start":{"line":22,"column":53},"end":{"line":22,"column":67}},"line":22},"2":{"name":"(anonymous_2)","decl":{"start":{"line":27,"column":25},"end":{"line":27,"column":31}},"loc":{"start":{"line":27,"column":31},"end":{"line":33,"column":null}},"line":27},"3":{"name":"(anonymous_3)","decl":{"start":{"line":54,"column":20},"end":{"line":54,"column":21}},"loc":{"start":{"line":54,"column":27},"end":{"line":54,"column":41}},"line":54},"4":{"name":"(anonymous_4)","decl":{"start":{"line":55,"column":17},"end":{"line":55,"column":18}},"loc":{"start":{"line":56,"column":14},"end":{"line":62,"column":null}},"line":56},"5":{"name":"(anonymous_5)","decl":{"start":{"line":79,"column":27},"end":{"line":79,"column":28}},"loc":{"start":{"line":80,"column":12},"end":{"line":85,"column":null}},"line":80},"6":{"name":"(anonymous_6)","decl":{"start":{"line":106,"column":23},"end":{"line":106,"column":24}},"loc":{"start":{"line":107,"column":8},"end":{"line":112,"column":null}},"line":107}},"branchMap":{"0":{"loc":{"start":{"line":22,"column":79},"end":{"line":22,"column":null}},"type":"cond-expr","locations":[{"start":{"line":22,"column":102},"end":{"line":22,"column":106}},{"start":{"line":22,"column":106},"end":{"line":22,"column":null}}],"line":22},"1":{"loc":{"start":{"line":28,"column":4},"end":{"line":28,"column":null}},"type":"if","locations":[{"start":{"line":28,"column":4},"end":{"line":28,"column":null}},{"start":{},"end":{}}],"line":28},"2":{"loc":{"start":{"line":29,"column":4},"end":{"line":29,"column":null}},"type":"if","locations":[{"start":{"line":29,"column":4},"end":{"line":29,"column":null}},{"start":{},"end":{}}],"line":29},"3":{"loc":{"start":{"line":30,"column":4},"end":{"line":30,"column":null}},"type":"if","locations":[{"start":{"line":30,"column":4},"end":{"line":30,"column":null}},{"start":{},"end":{}}],"line":30},"4":{"loc":{"start":{"line":31,"column":4},"end":{"line":31,"column":null}},"type":"if","locations":[{"start":{"line":31,"column":4},"end":{"line":31,"column":null}},{"start":{},"end":{}}],"line":31},"5":{"loc":{"start":{"line":38,"column":2},"end":{"line":90,"column":null}},"type":"if","locations":[{"start":{"line":38,"column":2},"end":{"line":90,"column":null}},{"start":{},"end":{}}],"line":38},"6":{"loc":{"start":{"line":43,"column":11},"end":{"line":51,"column":null}},"type":"binary-expr","locations":[{"start":{"line":43,"column":11},"end":{"line":43,"column":35}},{"start":{"line":43,"column":35},"end":{"line":43,"column":null}},{"start":{"line":44,"column":12},"end":{"line":51,"column":null}}],"line":43}},"s":{"0":17,"1":24,"2":17,"3":17,"4":17,"5":14,"6":8,"7":6,"8":6,"9":4,"10":4,"11":2,"12":2,"13":1,"14":17,"15":17,"16":3,"17":5,"18":1,"19":5,"20":14,"21":19},"f":{"0":17,"1":24,"2":14,"3":5,"4":1,"5":5,"6":19},"b":{"0":[2,15],"1":[8,6],"2":[2,4],"3":[2,2],"4":[1,1],"5":[3,14],"6":[3,2,1]},"meta":{"lastBranch":7,"lastFunction":7,"lastStatement":22,"seen":{"f:13:16:13:26":0,"s:22:27:22:Infinity":0,"f:22:46:22:47":1,"s:22:53:22:67":1,"b:22:102:22:106:22:106:22:Infinity":0,"s:23:22:23:Infinity":2,"s:24:21:24:Infinity":3,"s:27:25:33:Infinity":4,"f:27:25:27:31":2,"b:28:4:28:Infinity:undefined:undefined:undefined:undefined":1,"s:28:4:28:Infinity":5,"s:28:26:28:Infinity":6,"b:29:4:29:Infinity:undefined:undefined:undefined:undefined":2,"s:29:4:29:Infinity":7,"s:29:26:29:Infinity":8,"b:30:4:30:Infinity:undefined:undefined:undefined:undefined":3,"s:30:4:30:Infinity":9,"s:30:25:30:Infinity":10,"b:31:4:31:Infinity:undefined:undefined:undefined:undefined":4,"s:31:4:31:Infinity":11,"s:31:25:31:Infinity":12,"s:32:4:32:Infinity":13,"s:36:25:36:Infinity":14,"b:38:2:90:Infinity:undefined:undefined:undefined:undefined":5,"s:38:2:90:Infinity":15,"s:39:4:88:Infinity":16,"b:43:11:43:35:43:35:43:Infinity:44:12:51:Infinity":6,"f:54:20:54:21":3,"s:54:27:54:41":17,"f:55:17:55:18":4,"s:56:14:62:Infinity":18,"f:79:27:79:28":5,"s:80:12:85:Infinity":19,"s:93:2:114:Infinity":20,"f:106:23:106:24":6,"s:107:8:112:Infinity":21}}}
,"/Users/jorge.ortega/github/webrtc-video-calls/src/components/VideoPreview.tsx": {"path":"/Users/jorge.ortega/github/webrtc-video-calls/src/components/VideoPreview.tsx","statementMap":{"0":{"start":{"line":11,"column":8},"end":{"line":11,"column":null}},"1":{"start":{"line":13,"column":2},"end":{"line":17,"column":null}},"2":{"start":{"line":14,"column":4},"end":{"line":16,"column":null}},"3":{"start":{"line":15,"column":6},"end":{"line":15,"column":null}},"4":{"start":{"line":19,"column":2},"end":{"line":53,"column":null}}},"fnMap":{"0":{"name":"VideoPreview","decl":{"start":{"line":10,"column":16},"end":{"line":10,"column":29}},"loc":{"start":{"line":10,"column":86},"end":{"line":55,"column":null}},"line":10},"1":{"name":"(anonymous_1)","decl":{"start":{"line":13,"column":12},"end":{"line":13,"column":18}},"loc":{"start":{"line":13,"column":18},"end":{"line":17,"column":5}},"line":13}},"branchMap":{"0":{"loc":{"start":{"line":14,"column":4},"end":{"line":16,"column":null}},"type":"if","locations":[{"start":{"line":14,"column":4},"end":{"line":16,"column":null}},{"start":{},"end":{}}],"line":14},"1":{"loc":{"start":{"line":14,"column":8},"end":{"line":14,"column":36}},"type":"binary-expr","locations":[{"start":{"line":14,"column":8},"end":{"line":14,"column":28}},{"start":{"line":14,"column":28},"end":{"line":14,"column":36}}],"line":14},"2":{"loc":{"start":{"line":21,"column":7},"end":{"line":44,"column":null}},"type":"cond-expr","locations":[{"start":{"line":22,"column":8},"end":{"line":29,"column":null}},{"start":{"line":31,"column":8},"end":{"line":44,"column":null}}],"line":21},"3":{"loc":{"start":{"line":21,"column":7},"end":{"line":21,"column":null}},"type":"binary-expr","locations":[{"start":{"line":21,"column":7},"end":{"line":21,"column":17}},{"start":{"line":21,"column":17},"end":{"line":21,"column":null}}],"line":21},"4":{"loc":{"start":{"line":33,"column":13},"end":{"line":38,"column":null}},"type":"cond-expr","locations":[{"start":{"line":34,"column":14},"end":{"line":36,"column":null}},{"start":{"line":38,"column":14},"end":{"line":38,"column":null}}],"line":33},"5":{"loc":{"start":{"line":35,"column":17},"end":{"line":35,"column":null}},"type":"cond-expr","locations":[{"start":{"line":35,"column":28},"end":{"line":35,"column":56}},{"start":{"line":35,"column":56},"end":{"line":35,"column":null}}],"line":35},"6":{"loc":{"start":{"line":41,"column":11},"end":{"line":42,"column":null}},"type":"binary-expr","locations":[{"start":{"line":41,"column":11},"end":{"line":41,"column":null}},{"start":{"line":42,"column":12},"end":{"line":42,"column":null}}],"line":41},"7":{"loc":{"start":{"line":48,"column":7},"end":{"line":51,"column":null}},"type":"binary-expr","locations":[{"start":{"line":48,"column":7},"end":{"line":48,"column":null}},{"start":{"line":49,"column":8},"end":{"line":51,"column":null}}],"line":48}},"s":{"0":18,"1":18,"2":15,"3":10,"4":18},"f":{"0":18,"1":15},"b":{"0":[10,5],"1":[15,10],"2":[13,5],"3":[18,14],"4":[3,2],"5":[1,2],"6":[5,2],"7":[18,8]},"meta":{"lastBranch":8,"lastFunction":2,"lastStatement":5,"seen":{"f:10:16:10:29":0,"s:11:8:11:Infinity":0,"s:13:2:17:Infinity":1,"f:13:12:13:18":1,"b:14:4:16:Infinity:undefined:undefined:undefined:undefined":0,"s:14:4:16:Infinity":2,"b:14:8:14:28:14:28:14:36":1,"s:15:6:15:Infinity":3,"s:19:2:53:Infinity":4,"b:22:8:29:Infinity:31:8:44:Infinity":2,"b:21:7:21:17:21:17:21:Infinity":3,"b:34:14:36:Infinity:38:14:38:Infinity":4,"b:35:28:35:56:35:56:35:Infinity":5,"b:41:11:41:Infinity:42:12:42:Infinity":6,"b:48:7:48:Infinity:49:8:51:Infinity":7}}}
,"/Users/jorge.ortega/github/webrtc-video-calls/src/components/VideoTile.tsx": {"path":"/Users/jorge.ortega/github/webrtc-video-calls/src/components/VideoTile.tsx","statementMap":{"0":{"start":{"line":19,"column":8},"end":{"line":19,"column":null}},"1":{"start":{"line":21,"column":2},"end":{"line":25,"column":null}},"2":{"start":{"line":22,"column":4},"end":{"line":24,"column":null}},"3":{"start":{"line":23,"column":6},"end":{"line":23,"column":null}},"4":{"start":{"line":27,"column":19},"end":{"line":27,"column":null}},"5":{"start":{"line":29,"column":2},"end":{"line":90,"column":null}}},"fnMap":{"0":{"name":"VideoTile","decl":{"start":{"line":12,"column":16},"end":{"line":12,"column":26}},"loc":{"start":{"line":18,"column":19},"end":{"line":92,"column":null}},"line":18},"1":{"name":"(anonymous_1)","decl":{"start":{"line":21,"column":12},"end":{"line":21,"column":18}},"loc":{"start":{"line":21,"column":18},"end":{"line":25,"column":5}},"line":21}},"branchMap":{"0":{"loc":{"start":{"line":15,"column":2},"end":{"line":15,"column":null}},"type":"default-arg","locations":[{"start":{"line":15,"column":12},"end":{"line":15,"column":null}}],"line":15},"1":{"loc":{"start":{"line":16,"column":2},"end":{"line":16,"column":null}},"type":"default-arg","locations":[{"start":{"line":16,"column":12},"end":{"line":16,"column":null}}],"line":16},"2":{"loc":{"start":{"line":17,"column":2},"end":{"line":17,"column":null}},"type":"default-arg","locations":[{"start":{"line":17,"column":18},"end":{"line":17,"column":null}}],"line":17},"3":{"loc":{"start":{"line":22,"column":4},"end":{"line":24,"column":null}},"type":"if","locations":[{"start":{"line":22,"column":4},"end":{"line":24,"column":null}},{"start":{},"end":{}}],"line":22},"4":{"loc":{"start":{"line":22,"column":8},"end":{"line":22,"column":36}},"type":"binary-expr","locations":[{"start":{"line":22,"column":8},"end":{"line":22,"column":28}},{"start":{"line":22,"column":28},"end":{"line":22,"column":36}}],"line":22},"5":{"loc":{"start":{"line":27,"column":19},"end":{"line":27,"column":null}},"type":"binary-expr","locations":[{"start":{"line":27,"column":19},"end":{"line":27,"column":29}},{"start":{"line":27,"column":29},"end":{"line":27,"column":null}}],"line":27},"6":{"loc":{"start":{"line":32,"column":8},"end":{"line":32,"column":null}},"type":"cond-expr","locations":[{"start":{"line":32,"column":18},"end":{"line":32,"column":28}},{"start":{"line":32,"column":28},"end":{"line":32,"column":null}}],"line":32},"7":{"loc":{"start":{"line":33,"column":10},"end":{"line":33,"column":45}},"type":"cond-expr","locations":[{"start":{"line":33,"column":26},"end":{"line":33,"column":43}},{"start":{"line":33,"column":43},"end":{"line":33,"column":45}}],"line":33},"8":{"loc":{"start":{"line":35,"column":7},"end":{"line":52,"column":null}},"type":"cond-expr","locations":[{"start":{"line":36,"column":8},"end":{"line":44,"column":null}},{"start":{"line":46,"column":8},"end":{"line":52,"column":null}}],"line":35},"9":{"loc":{"start":{"line":42,"column":12},"end":{"line":42,"column":null}},"type":"cond-expr","locations":[{"start":{"line":42,"column":40},"end":{"line":42,"column":57}},{"start":{"line":42,"column":57},"end":{"line":42,"column":null}}],"line":42},"10":{"loc":{"start":{"line":42,"column":12},"end":{"line":42,"column":40}},"type":"binary-expr","locations":[{"start":{"line":42,"column":12},"end":{"line":42,"column":23}},{"start":{"line":42,"column":23},"end":{"line":42,"column":40}}],"line":42},"11":{"loc":{"start":{"line":49,"column":15},"end":{"line":49,"column":null}},"type":"binary-expr","locations":[{"start":{"line":49,"column":15},"end":{"line":49,"column":45}},{"start":{"line":49,"column":45},"end":{"line":49,"column":null}}],"line":49},"12":{"loc":{"start":{"line":56,"column":7},"end":{"line":60,"column":null}},"type":"binary-expr","locations":[{"start":{"line":56,"column":7},"end":{"line":56,"column":null}},{"start":{"line":57,"column":8},"end":{"line":60,"column":null}}],"line":56},"13":{"loc":{"start":{"line":68,"column":15},"end":{"line":68,"column":null}},"type":"cond-expr","locations":[{"start":{"line":68,"column":25},"end":{"line":68,"column":47}},{"start":{"line":68,"column":47},"end":{"line":68,"column":null}}],"line":68},"14":{"loc":{"start":{"line":71,"column":15},"end":{"line":74,"column":null}},"type":"binary-expr","locations":[{"start":{"line":71,"column":15},"end":{"line":71,"column":26}},{"start":{"line":71,"column":26},"end":{"line":71,"column":null}},{"start":{"line":72,"column":16},"end":{"line":74,"column":null}}],"line":71},"15":{"loc":{"start":{"line":82,"column":7},"end":{"line":88,"column":null}},"type":"binary-expr","locations":[{"start":{"line":82,"column":7},"end":{"line":82,"column":null}},{"start":{"line":83,"column":8},"end":{"line":88,"column":null}}],"line":82}},"s":{"0":50,"1":50,"2":49,"3":39,"4":50,"5":50},"f":{"0":50,"1":49},"b":{"0":[50],"1":[50],"2":[50],"3":[39,10],"4":[49,39],"5":[50,49],"6":[19,31],"7":[3,47],"8":[40,10],"9":[12,28],"10":[40,13],"11":[10,1],"12":[50,3],"13":[19,31],"14":[50,1,1],"15":[50,1]},"meta":{"lastBranch":16,"lastFunction":2,"lastStatement":6,"seen":{"f:12:16:12:26":0,"b:15:12:15:Infinity":0,"b:16:12:16:Infinity":1,"b:17:18:17:Infinity":2,"s:19:8:19:Infinity":0,"s:21:2:25:Infinity":1,"f:21:12:21:18":1,"b:22:4:24:Infinity:undefined:undefined:undefined:undefined":3,"s:22:4:24:Infinity":2,"b:22:8:22:28:22:28:22:36":4,"s:23:6:23:Infinity":3,"s:27:19:27:Infinity":4,"b:27:19:27:29:27:29:27:Infinity":5,"s:29:2:90:Infinity":5,"b:32:18:32:28:32:28:32:Infinity":6,"b:33:26:33:43:33:43:33:45":7,"b:36:8:44:Infinity:46:8:52:Infinity":8,"b:42:40:42:57:42:57:42:Infinity":9,"b:42:12:42:23:42:23:42:40":10,"b:49:15:49:45:49:45:49:Infinity":11,"b:56:7:56:Infinity:57:8:60:Infinity":12,"b:68:25:68:47:68:47:68:Infinity":13,"b:71:15:71:26:71:26:71:Infinity:72:16:74:Infinity":14,"b:82:7:82:Infinity:83:8:88:Infinity":15}}}
,"/Users/jorge.ortega/github/webrtc-video-calls/src/components/index.ts": {"path":"/Users/jorge.ortega/github/webrtc-video-calls/src/components/index.ts","statementMap":{},"fnMap":{},"branchMap":{},"s":{},"f":{},"b":{},"meta":{"lastBranch":0,"lastFunction":0,"lastStatement":0,"seen":{}}}
,"/Users/jorge.ortega/github/webrtc-video-calls/src/hooks/index.ts": {"path":"/Users/jorge.ortega/github/webrtc-video-calls/src/hooks/index.ts","statementMap":{},"fnMap":{},"branchMap":{},"s":{},"f":{},"b":{},"meta":{"lastBranch":0,"lastFunction":0,"lastStatement":0,"seen":{}}}
,"/Users/jorge.ortega/github/webrtc-video-calls/src/hooks/useChat.ts": {"path":"/Users/jorge.ortega/github/webrtc-video-calls/src/hooks/useChat.ts","statementMap":{"0":{"start":{"line":13,"column":30},"end":{"line":13,"column":null}},"1":{"start":{"line":14,"column":36},"end":{"line":14,"column":null}},"2":{"start":{"line":16,"column":8},"end":{"line":19,"column":null}},"3":{"start":{"line":17,"column":4},"end":{"line":17,"column":null}},"4":{"start":{"line":17,"column":26},"end":{"line":17,"column":44}},"5":{"start":{"line":18,"column":4},"end":{"line":18,"column":null}},"6":{"start":{"line":18,"column":29},"end":{"line":18,"column":37}},"7":{"start":{"line":21,"column":8},"end":{"line":24,"column":null}},"8":{"start":{"line":22,"column":4},"end":{"line":22,"column":null}},"9":{"start":{"line":23,"column":4},"end":{"line":23,"column":null}},"10":{"start":{"line":26,"column":8},"end":{"line":28,"column":null}},"11":{"start":{"line":27,"column":4},"end":{"line":27,"column":null}},"12":{"start":{"line":30,"column":2},"end":{"line":36,"column":null}}},"fnMap":{"0":{"name":"useChat","decl":{"start":{"line":12,"column":16},"end":{"line":12,"column":41}},"loc":{"start":{"line":12,"column":41},"end":{"line":37,"column":null}},"line":12},"1":{"name":"(anonymous_1)","decl":{"start":{"line":16,"column":33},"end":{"line":16,"column":34}},"loc":{"start":{"line":16,"column":59},"end":{"line":19,"column":5}},"line":16},"2":{"name":"(anonymous_2)","decl":{"start":{"line":17,"column":16},"end":{"line":17,"column":17}},"loc":{"start":{"line":17,"column":26},"end":{"line":17,"column":44}},"line":17},"3":{"name":"(anonymous_3)","decl":{"start":{"line":18,"column":19},"end":{"line":18,"column":20}},"loc":{"start":{"line":18,"column":29},"end":{"line":18,"column":37}},"line":18},"4":{"name":"(anonymous_4)","decl":{"start":{"line":21,"column":36},"end":{"line":21,"column":42}},"loc":{"start":{"line":21,"column":42},"end":{"line":24,"column":5}},"line":21},"5":{"name":"(anonymous_5)","decl":{"start":{"line":26,"column":33},"end":{"line":26,"column":39}},"loc":{"start":{"line":26,"column":39},"end":{"line":28,"column":5}},"line":26}},"branchMap":{},"s":{"0":9,"1":9,"2":9,"3":4,"4":4,"5":4,"6":4,"7":9,"8":1,"9":1,"10":9,"11":1,"12":9},"f":{"0":9,"1":4,"2":4,"3":4,"4":1,"5":1},"b":{},"meta":{"lastBranch":0,"lastFunction":6,"lastStatement":13,"seen":{"f:12:16:12:41":0,"s:13:30:13:Infinity":0,"s:14:36:14:Infinity":1,"s:16:8:19:Infinity":2,"f:16:33:16:34":1,"s:17:4:17:Infinity":3,"f:17:16:17:17":2,"s:17:26:17:44":4,"s:18:4:18:Infinity":5,"f:18:19:18:20":3,"s:18:29:18:37":6,"s:21:8:24:Infinity":7,"f:21:36:21:42":4,"s:22:4:22:Infinity":8,"s:23:4:23:Infinity":9,"s:26:8:28:Infinity":10,"f:26:33:26:39":5,"s:27:4:27:Infinity":11,"s:30:2:36:Infinity":12}}}
[...]
,"line":313},"18":{"loc":{"start":{"line":313,"column":12},"end":{"line":313,"column":56}},"type":"binary-expr","locations":[{"start":{"line":313,"column":12},"end":{"line":313,"column":31}},{"start":{"line":313,"column":31},"end":{"line":313,"column":56}}],"line":313},"19":{"loc":{"start":{"line":341,"column":6},"end":{"line":341,"column":null}},"type":"if","locations":[{"start":{"line":341,"column":6},"end":{"line":341,"column":null}},{"start":{},"end":{}}],"line":341},"20":{"loc":{"start":{"line":347,"column":24},"end":{"line":347,"column":null}},"type":"binary-expr","locations":[{"start":{"line":347,"column":24},"end":{"line":347,"column":74}},{"start":{"line":347,"column":74},"end":{"line":347,"column":null}}],"line":347},"21":{"loc":{"start":{"line":363,"column":6},"end":{"line":369,"column":null}},"type":"if","locations":[{"start":{"line":363,"column":6},"end":{"line":369,"column":null}},{"start":{},"end":{}}],"line":363},"22":{"loc":{"start":{"line":363,"column":10},"end":{"line":363,"column":40}},"type":"binary-expr","locations":[{"start":{"line":363,"column":10},"end":{"line":363,"column":17}},{"start":{"line":363,"column":17},"end":{"line":363,"column":40}}],"line":363},"23":{"loc":{"start":{"line":365,"column":24},"end":{"line":365,"column":null}},"type":"binary-expr","locations":[{"start":{"line":365,"column":24},"end":{"line":365,"column":74}},{"start":{"line":365,"column":74},"end":{"line":365,"column":null}}],"line":365},"24":{"loc":{"start":{"line":382,"column":4},"end":{"line":385,"column":null}},"type":"if","locations":[{"start":{"line":382,"column":4},"end":{"line":385,"column":null}},{"start":{},"end":{}}],"line":382},"25":{"loc":{"start":{"line":413,"column":8},"end":{"line":415,"column":null}},"type":"if","locations":[{"start":{"line":413,"column":8},"end":{"line":415,"column":null}},{"start":{},"end":{}}],"line":413},"26":{"loc":{"start":{"line":451,"column":4},"end":{"line":451,"column":null}},"type":"if","locations":[{"start":{"line":451,"column":4},"end":{"line":451,"column":null}},{"start":{},"end":{}}],"line":451},"27":{"loc":{"start":{"line":457,"column":8},"end":{"line":459,"column":null}},"type":"if","locations":[{"start":{"line":457,"column":8},"end":{"line":459,"column":null}},{"start":{},"end":{}}],"line":457},"28":{"loc":{"start":{"line":483,"column":10},"end":{"line":483,"column":null}},"type":"cond-expr","locations":[{"start":{"line":483,"column":32},"end":{"line":483,"column":66}},{"start":{"line":483,"column":66},"end":{"line":483,"column":null}}],"line":483},"29":{"loc":{"start":{"line":492,"column":23},"end":{"line":492,"column":78}},"type":"cond-expr","locations":[{"start":{"line":492,"column":45},"end":{"line":492,"column":76}},{"start":{"line":492,"column":76},"end":{"line":492,"column":78}}],"line":492}},"s":{"0":60,"1":60,"2":60,"3":60,"4":60,"5":60,"6":60,"7":60,"8":60,"9":22,"10":60,"11":22,"12":60,"13":22,"14":60,"15":60,"16":14,"17":1,"18":14,"19":1,"20":14,"21":3,"22":3,"23":3,"24":2,"25":14,"26":60,"27":27,"28":2,"29":25,"30":25,"31":25,"32":25,"33":4,"34":25,"35":0,"36":25,"37":1,"38":1,"39":25,"40":5,"41":5,"42":25,"43":13,"44":13,"45":25,"46":1,"47":25,"48":6,"49":6,"50":6,"51":5,"52":6,"53":5,"54":5,"55":5,"56":2,"57":3,"58":0,"59":1,"60":25,"61":1,"62":1,"63":25,"64":5,"65":5,"66":2,"67":25,"68":13,"69":13,"70":12,"71":12,"72":1,"73":60,"74":6,"75":6,"76":5,"77":1,"78":1,"79":1,"80":6,"81":6,"82":0,"83":6,"84":6,"85":4,"86":6,"87":1,"88":4,"89":4,"90":4,"91":4,"92":4,"93":3,"94":3,"95":3,"96":2,"97":2,"98":1,"99":2,"100":60,"101":3,"102":3,"103":0,"104":3,"105":3,"106":1,"107":3,"108":1,"109":1,"110":2,"111":60,"112":4,"113":4,"114":3,"115":3,"116":3,"117":3,"118":1,"119":1,"120":1,"121":60,"122":2,"123":2,"124":2,"125":2,"126":2,"127":2,"128":2,"129":2,"130":4,"131":60,"132":1,"133":2,"134":1,"135":1,"136":1,"137":1,"138":60,"139":2,"140":2,"141":2,"142":2,"143":2,"144":60,"145":3,"146":6,"147":6,"148":6,"149":6,"150":5,"151":5,"152":1,"153":60,"154":5,"155":2,"156":3,"157":3,"158":3,"159":3,"160":3,"161":3,"162":2,"163":3,"164":3,"165":1,"166":1,"167":2,"168":60,"169":1,"170":1,"171":3,"172":60,"173":2,"174":2,"175":4,"176":60},"f":{"0":60,"1":22,"2":22,"3":22,"4":0,"5":14,"6":1,"7":1,"8":3,"9":27,"10":25,"11":4,"12":1,"13":5,"14":1,"15":6,"16":6,"17":5,"18":5,"19":1,"20":5,"21":6,"22":1,"23":1,"24":3,"25":3,"26":4,"27":2,"28":2,"29":4,"30":1,"31":2,"32":2,"33":2,"34":3,"35":6,"36":6,"37":5,"38":3,"39":3,"40":3,"41":1,"42":1,"43":3,"44":2,"45":2,"46":4},"b":{"0":[2,25],"1":[25,0],"2":[1,24],"3":[5,20],"4":[13,12],"5":[5,1],"6":[5,0],"7":[2,3],"8":[5,2],"9":[1,0],"10":[2,3],"11":[13,12],"12":[5,1],"13":[1,0],"14":[1,1],"15":[0,6],"16":[4,3],"17":[3,1],"18":[4,3],"19":[0,3],"20":[1,0],"21":[3,1],"22":[4,2],"23":[3,3],"24":[2,0],"25":[2,0],"26":[2,3],"27":[2,1],"28":[1,2],"29":[2,2]},"meta":{"lastBranch":30,"lastFunction":47,"lastStatement":177,"seen":{"f:48:16:48:26":0,"s:56:36:56:Infinity":0,"s:58:8:58:Infinity":1,"s:59:8:59:Infinity":2,"s:60:8:62:Infinity":3,"s:63:8:87:Infinity":4,"s:90:8:90:Infinity":5,"s:91:8:91:Infinity":6,"s:92:8:92:Infinity":7,"s:94:2:96:Infinity":8,"f:94:12:94:18":1,"s:95:4:95:Infinity":9,"s:98:2:100:Infinity":10,"f:98:12:98:18":2,"s:99:4:99:Infinity":11,"s:102:2:104:Infinity":12,"f:102:12:102:18":3,"s:103:4:103:Infinity":13,"s:106:8:109:Infinity":14,"f:106:43:106:55":4,"s:111:8:133:Infinity":15,"f:112:4:112:5":5,"s:113:6:115:Infinity":16,"f:113:23:113:29":6,"s:114:8:114:Infinity":17,"s:117:6:119:Infinity":18,"f:117:24:117:30":7,"s:118:8:118:Infinity":19,"s:121:6:128:Infinity":20,"f:121:26:121:27":8,"s:122:8:127:Infinity":21,"s:123:26:123:Infinity":22,"s:124:10:124:Infinity":23,"s:126:10:126:Infinity":24,"s:130:6:130:Infinity":25,"s:135:8:263:Infinity":26,"f:136:4:136:Infinity":9,"b:141:6:143:Infinity:undefined:undefined:undefined:undefined":0,"s:141:6:143:Infinity":27,"s:142:8:142:Infinity":28,"s:145:17:147:Infinity":29,"s:149:6:149:Infinity":30,"s:152:6:165:Infinity":31,"f:152:21:152:22":10,"b:153:8:163:Infinity:undefined:undefined:undefined:undefined":1,"s:153:8:163:Infinity":32,"f:153:23:153:24":11,"s:153:30:153:55":33,"s:154:10:162:Infinity":34,"s:164:8:164:Infinity":35,"b:168:6:172:Infinity:undefined:undefined:undefined:undefined":2,"s:168:6:172:Infinity":36,"s:169:8:171:Infinity":37,"f:169:51:169:52":12,"s:170:10:170:Infinity":38,"b:175:6:179:Infinity:undefined:undefined:undefined:undefined":3,"s:175:6:179:Infinity":39,"s:176:8:178:Infinity":40,"f:176:52:176:53":13,"s:177:10:177:Infinity":41,"b:182:6:185:Infinity:undefined:undefined:undefined:undefined":4,"s:182:6:185:Infinity":42,"s:183:28:183:Infinity":43,"s:184:8:184:Infinity":44,"s:188:6:190:Infinity":45,"f:188:25:188:26":14,"s:189:8:189:Infinity":46,"s:193:6:221:Infinity":47,"f:193:19:193:20":15,"s:194:31:194:Infinity":48,"s:196:8:220:Infinity":49,"f:196:23:196:24":16,"s:197:27:197:Infinity":50,"f:197:37:197:38":17,"s:197:44:197:69":51,"b:198:10:210:Infinity:undefined:undefined:undefined:undefined":5,"s:198:10:210:Infinity":52,"s:199:12:209:Infinity":53,"f:199:28:199:29":18,"b:200:14:207:Infinity:undefined:undefined:undefined:undefined":6,"s:200:14:207:Infinity":54,"b:203:16:205:Infinity:undefined:undefined:undefined:undefined":7,"s:203:16:205:Infinity":55,"b:203:20:203:32:203:32:203:65":8,"s:204:18:204:Infinity":56,"s:206:16:206:Infinity":57,"s:208:14:208:Infinity":58,"s:211:10:219:Infinity":59,"s:224:6:232:Infinity":60,"f:224:26:224:27":19,"b:225:8:231:Infinity:undefined:undefined:undefined:undefined":9,"s:225:8:231:Infinity":61,"s:226:10:230:Infinity":62,"s:235:6:243:Infinity":63,"f:235:35:235:41":20,"s:236:8:238:Infinity":64,"b:239:8:242:Infinity:undefined:undefined:undefined:undefined":10,"s:239:8:242:Infinity":65,"s:241:10:241:Infinity":66,"b:246:6:260:Infinity:undefined:undefined:undefined:undefined":11,"s:246:6:260:Infinity":67,"s:247:8:259:Infinity":68,"s:248:24:248:Infinity":69,"s:249:10:249:Infinity":70,"s:251:10:256:Infinity":71,"s:258:10:258:Infinity":72,"s:265:8:336:Infinity":73,"f:266:4:266:Infinity":21,"s:272:30:272:Infinity":74,"b:275:6:286:Infinity:277:13:286:Infinity":12,"s:275:6:286:Infinity":75,"s:276:8:276:Infinity":76,"s:279:8:285:Infinity":77,"f:279:23:279:24":22,"s:280:10:284:Infinity":78,"f:280:19:280:20":23,"s:281:12:283:Infinity":79,"b:282:16:282:Infinity:283:16:283:Infinity":13,"b:281:12:281:41:281:41:281:Infinity":14,"s:288:17:288:Infinity":80,"b:289:6:289:Infinity:undefined:undefined:undefined:undefined":15,"s:289:6:289:Infinity":81,"s:289:15:289:Infinity":82,"s:291:6:333:Infinity":83,"s:292:8:292:Infinity":84,"s:295:24:295:Infinity":85,"b:295:24:295:74:295:74:295:Infinity":16,"s:296:8:298:Infinity":86,"s:297:10:297:Infinity":87,"s:299:8:299:Infinity":88,"s:302:23:302:Infinity":89,"s:303:8:303:Infinity":90,"s:305:8:309:Infinity":91,"b:313:8:330:Infinity:undefined:undefined:undefined:undefined":17,"s:313:8:330:Infinity":92,"b:313:12:313:31:313:31:313:56":18,"s:315:10:329:Infinity":93,"f:315:21:315:33":24,"s:316:12:328:Infinity":94,"s:317:39:317:Infinity":95,"s:318:14:318:Infinity":96,"s:320:14:325:Infinity":97,"s:327:14:327:Infinity":98,"s:332:8:332:Infinity":99,"s:338:8:357:Infinity":100,"f:339:4:339:11":25,"s:340:17:340:Infinity":101,"b:341:6:341:Infinity:undefined:undefined:undefined:undefined":19,"s:341:6:341:Infinity":102,"s:341:15:341:Infinity":103,"s:343:6:354:Infinity":104,"s:344:8:344:Infinity":105,"s:347:24:347:Infinity":106,"b:347:24:347:74:347:74:347:Infinity":20,"s:348:8:350:Infinity":107,"s:349:10:349:Infinity":108,"s:351:8:351:Infinity":109,"s:353:8:353:Infinity":110,"s:359:8:378:Infinity":111,"f:360:4:360:11":26,"s:361:17:361:Infinity":112,"b:363:6:369:Infinity:undefined:undefined:undefined:undefined":21,"s:363:6:369:Infinity":113,"b:363:10:363:17:363:17:363:40":22,"s:365:24:365:Infinity":114,"b:365:24:365:74:365:74:365:Infinity":23,"s:366:8:366:Infinity":115,"s:367:8:367:Infinity":116,"s:368:8:368:Infinity":117,"s:371:6:375:Infinity":118,"s:372:8:372:Infinity":119,"s:374:8:374:Infinity":120,"s:380:8:391:Infinity":121,"f:380:33:380:34":27,"s:381:15:381:Infinity":122,"b:382:4:385:Infinity:undefined:undefined:undefined:undefined":24,"s:382:4:385:Infinity":123,"s:383:6:383:Infinity":124,"s:384:6:384:Infinity":125,"s:387:4:387:Infinity":126,"s:388:4:388:Infinity":127,"s:390:4:390:Infinity":128,"f:390:19:390:20":28,"s:390:29:390:74":129,"f:390:41:390:42":29,"s:390:48:390:73":130,"s:393:8:399:Infinity":131,"f:393:42:393:48":30,"s:394:4:394:Infinity":132,"f:394:39:394:40":31,"s:394:47:394:57":133,"s:395:4:395:Infinity":134,"s:396:4:396:Infinity":135,"s:397:4:397:Infinity":136,"s:398:4:398:Infinity":137,"s:401:8:422:Infinity":138,"f:402:4:402:5":32,"s:403:35:409:Infinity":139,"s:412:6:416:Infinity":140,"f:412:38:412:39":33,"b:413:8:415:Infinity:undefined:undefined:undefined:undefined":25,"s:413:8:415:Infinity":141,"s:414:10:414:Infinity":142,"s:419:6:419:Infinity":143,"s:424:8:448:Infinity":144,"f:425:4:425:5":34,"s:426:6:445:Infinity":145,"f:426:41:426:48":35,"s:427:8:429:Infinity":146,"f:427:35:427:36":36,"s:428:10:428:Infinity":147,"s:432:8:444:Infinity":148,"s:433:24:433:Infinity":149,"s:434:10:434:Infinity":150,"s:436:10:441:Infinity":151,"s:443:10:443:Infinity":152,"s:450:8:477:Infinity":153,"f:450:45:450:51":37,"b:451:4:451:Infinity:undefined:undefined:undefined:undefined":26,"s:451:4:451:Infinity":154,"s:451:34:451:Infinity":155,"s:453:4:476:Infinity":156,"f:453:39:453:46":38,"s:454:22:454:Infinity":157,"s:455:6:460:Infinity":158,"f:455:51:455:52":39,"s:456:23:456:Infinity":159,"f:456:36:456:37":40,"s:456:43:456:60":160,"b:457:8:459:Infinity:undefined:undefined:undefined:undefined":27,"s:457:8:459:Infinity":161,"s:458:10:458:Infinity":162,"s:463:6:475:Infinity":163,"s:464:22:464:Infinity":164,"s:465:8:465:Infinity":165,"s:467:8:472:Infinity":166,"s:474:8:474:Infinity":167,"s:479:8:488:Infinity":168,"f:480:4:480:5":41,"s:481:6:485:Infinity":169,"f:481:21:481:22":42,"s:482:8:484:Infinity":170,"f:482:17:482:18":43,"s:483:10:483:Infinity":171,"b:483:32:483:66:483:66:483:Infinity":28,"s:490:8:494:Infinity":172,"f:490:44:490:45":44,"s:491:4:493:Infinity":173,"f:491:19:491:20":45,"s:492:6:492:Infinity":174,"f:492:15:492:16":46,"s:492:23:492:78":175,"b:492:45:492:76:492:76:492:78":29,"s:496:2:510:Infinity":176}}}
,"/Users/jorge.ortega/github/webrtc-video-calls/src/utils/routing.ts": {"path":"/Users/jorge.ortega/github/webrtc-video-calls/src/utils/routing.ts","statementMap":{"0":{"start":{"line":3,"column":16},"end":{"line":3,"column":null}},"1":{"start":{"line":4,"column":19},"end":{"line":4,"column":null}},"2":{"start":{"line":6,"column":2},"end":{"line":10,"column":null}},"3":{"start":{"line":8,"column":6},"end":{"line":8,"column":null}},"4":{"start":{"line":8,"column":35},"end":{"line":8,"column":82}},"5":{"start":{"line":15,"column":15},"end":{"line":15,"column":null}},"6":{"start":{"line":17,"column":2},"end":{"line":19,"column":null}},"7":{"start":{"line":18,"column":4},"end":{"line":18,"column":null}},"8":{"start":{"line":21,"column":23},"end":{"line":21,"column":null}},"9":{"start":{"line":22,"column":2},"end":{"line":24,"column":null}},"10":{"start":{"line":23,"column":4},"end":{"line":23,"column":null}},"11":{"start":{"line":26,"column":2},"end":{"line":26,"column":null}},"12":{"start":{"line":31,"column":2},"end":{"line":31,"column":null}},"13":{"start":{"line":36,"column":2},"end":{"line":36,"column":null}},"14":{"start":{"line":41,"column":2},"end":{"line":41,"column":null}},"15":{"start":{"line":46,"column":18},"end":{"line":46,"column":null}},"16":{"start":{"line":47,"column":2},"end":{"line":47,"column":null}},"17":{"start":{"line":52,"column":2},"end":{"line":52,"column":null}}},"fnMap":{"0":{"name":"generateMeetingId","decl":{"start":{"line":2,"column":16},"end":{"line":2,"column":44}},"loc":{"start":{"line":2,"column":44},"end":{"line":11,"column":null}},"line":2},"1":{"name":"(anonymous_1)","decl":{"start":{"line":7,"column":9},"end":{"line":7,"column":10}},"loc":{"start":{"line":8,"column":6},"end":{"line":8,"column":null}},"line":8},"2":{"name":"(anonymous_2)","decl":{"start":{"line":8,"column":29},"end":{"line":8,"column":35}},"loc":{"start":{"line":8,"column":35},"end":{"line":8,"column":82}},"line":8},"3":{"name":"parseRoute","decl":{"start":{"line":14,"column":16},"end":{"line":14,"column":79}},"loc":{"start":{"line":14,"column":79},"end":{"line":27,"column":null}},"line":14},"4":{"name":"navigateTo","decl":{"start":{"line":30,"column":16},"end":{"line":30,"column":27}},"loc":{"start":{"line":30,"column":47},"end":{"line":32,"column":null}},"line":30},"5":{"name":"navigateToHome","decl":{"start":{"line":35,"column":16},"end":{"line":35,"column":39}},"loc":{"start":{"line":35,"column":39},"end":{"line":37,"column":null}},"line":35},"6":{"name":"navigateToMeeting","decl":{"start":{"line":40,"column":16},"end":{"line":40,"column":34}},"loc":{"start":{"line":40,"column":59},"end":{"line":42,"column":null}},"line":40},"7":{"name":"getMeetingUrl","decl":{"start":{"line":45,"column":16},"end":{"line":45,"column":30}},"loc":{"start":{"line":45,"column":57},"end":{"line":48,"column":null}},"line":45},"8":{"name":"generatePeerId","decl":{"start":{"line":51,"column":16},"end":{"line":51,"column":41}},"loc":{"start":{"line":51,"column":41},"end":{"line":53,"column":null}},"line":51}},"branchMap":{"0":{"loc":{"start":{"line":17,"column":2},"end":{"line":19,"column":null}},"type":"if","locations":[{"start":{"line":17,"column":2},"end":{"line":19,"column":null}},{"start":{},"end":{}}],"line":17},"1":{"loc":{"start":{"line":17,"column":6},"end":{"line":17,"column":29}},"type":"binary-expr","locations":[{"start":{"line":17,"column":6},"end":{"line":17,"column":15}},{"start":{"line":17,"column":15},"end":{"line":17,"column":29}}],"line":17},"2":{"loc":{"start":{"line":22,"column":2},"end":{"line":24,"column":null}},"type":"if","locations":[{"start":{"line":22,"column":2},"end":{"line":24,"column":null}},{"start":{},"end":{}}],"line":22}},"s":{"0":3,"1":3,"2":3,"3":9,"4":36,"5":6,"6":6,"7":3,"8":3,"9":3,"10":2,"11":1,"12":3,"13":1,"14":1,"15":4,"16":4,"17":2},"f":{"0":3,"1":9,"2":36,"3":6,"4":3,"5":1,"6":1,"7":4,"8":2},"b":{"0":[3,3],"1":[6,5],"2":[2,1]},"meta":{"lastBranch":3,"lastFunction":9,"lastStatement":18,"seen":{"f:2:16:2:44":0,"s:3:16:3:Infinity":0,"s:4:19:4:Infinity":1,"s:6:2:10:Infinity":2,"f:7:9:7:10":1,"s:8:6:8:Infinity":3,"f:8:29:8:35":2,"s:8:35:8:82":4,"f:14:16:14:79":3,"s:15:15:15:Infinity":5,"b:17:2:19:Infinity:undefined:undefined:undefined:undefined":0,"s:17:2:19:Infinity":6,"b:17:6:17:15:17:15:17:29":1,"s:18:4:18:Infinity":7,"s:21:23:21:Infinity":8,"b:22:2:24:Infinity:undefined:undefined:undefined:undefined":2,"s:22:2:24:Infinity":9,"s:23:4:23:Infinity":10,"s:26:2:26:Infinity":11,"f:30:16:30:27":4,"s:31:2:31:Infinity":12,"f:35:16:35:39":5,"s:36:2:36:Infinity":13,"f:40:16:40:34":6,"s:41:2:41:Infinity":14,"f:45:16:45:30":7,"s:46:18:46:Infinity":15,"s:47:2:47:Infinity":16,"f:51:16:51:41":8,"s:52:2:52:Infinity":17}}}
,"/Users/jorge.ortega/github/webrtc-video-calls/src/utils/turnCredentials.ts": {"path":"/Users/jorge.ortega/github/webrtc-video-calls/src/utils/turnCredentials.ts","statementMap":{"0":{"start":{"line":4,"column":30},"end":{"line":4,"column":null}},"1":{"start":{"line":5,"column":31},"end":{"line":5,"column":null}},"2":{"start":{"line":11,"column":2},"end":{"line":14,"column":null}},"3":{"start":{"line":12,"column":4},"end":{"line":12,"column":null}},"4":{"start":{"line":13,"column":4},"end":{"line":13,"column":null}},"5":{"start":{"line":16,"column":2},"end":{"line":31,"column":null}},"6":{"start":{"line":17,"column":21},"end":{"line":19,"column":null}},"7":{"start":{"line":21,"column":4},"end":{"line":23,"column":null}},"8":{"start":{"line":22,"column":6},"end":{"line":22,"column":null}},"9":{"start":{"line":25,"column":23},"end":{"line":25,"column":null}},"10":{"start":{"line":26,"column":4},"end":{"line":26,"column":null}},"11":{"start":{"line":28,"column":4},"end":{"line":28,"column":null}},"12":{"start":{"line":30,"column":4},"end":{"line":30,"column":null}}},"fnMap":{"0":{"name":"fetchTurnCredentials","decl":{"start":{"line":7,"column":22},"end":{"line":7,"column":null}},"loc":{"start":{"line":10,"column":24},"end":{"line":32,"column":null}},"line":10}},"branchMap":{"0":{"loc":{"start":{"line":8,"column":2},"end":{"line":8,"column":null}},"type":"default-arg","locations":[{"start":{"line":8,"column":11},"end":{"line":8,"column":null}}],"line":8},"1":{"loc":{"start":{"line":9,"column":2},"end":{"line":9,"column":null}},"type":"default-arg","locations":[{"start":{"line":9,"column":11},"end":{"line":9,"column":null}}],"line":9},"2":{"loc":{"start":{"line":11,"column":2},"end":{"line":14,"column":null}},"type":"if","locations":[{"start":{"line":11,"column":2},"end":{"line":14,"column":null}},{"start":{},"end":{}}],"line":11},"3":{"loc":{"start":{"line":11,"column":6},"end":{"line":11,"column":26}},"type":"binary-expr","locations":[{"start":{"line":11,"column":6},"end":{"line":11,"column":17}},{"start":{"line":11,"column":17},"end":{"line":11,"column":26}}],"line":11},"4":{"loc":{"start":{"line":21,"column":4},"end":{"line":23,"column":null}},"type":"if","locations":[{"start":{"line":21,"column":4},"end":{"line":23,"column":null}},{"start":{},"end":{}}],"line":21}},"s":{"0":1,"1":1,"2":4,"3":1,"4":1,"5":3,"6":3,"7":2,"8":1,"9":1,"10":1,"11":2,"12":2},"f":{"0":4},"b":{"0":[4],"1":[4],"2":[1,3],"3":[4,3],"4":[1,1]},"meta":{"lastBranch":5,"lastFunction":1,"lastStatement":13,"seen":{"s:4:30:4:Infinity":0,"s:5:31:5:Infinity":1,"f:7:22:7:Infinity":0,"b:8:11:8:Infinity":0,"b:9:11:9:Infinity":1,"b:11:2:14:Infinity:undefined:undefined:undefined:undefined":2,"s:11:2:14:Infinity":2,"b:11:6:11:17:11:17:11:26":3,"s:12:4:12:Infinity":3,"s:13:4:13:Infinity":4,"s:16:2:31:Infinity":5,"s:17:21:19:Infinity":6,"b:21:4:23:Infinity:undefined:undefined:undefined:undefined":4,"s:21:4:23:Infinity":7,"s:22:6:22:Infinity":8,"s:25:23:25:Infinity":9,"s:26:4:26:Infinity":10,"s:28:4:28:Infinity":11,"s:30:4:30:Infinity":12}}}
}
